5e-05 0.00392695044482139 0.00392695044482139
0.00015 0.019633783305828 0.019633783305828
0.00025 0.0510435736034154 0.0510435736034154
0.00035 0.098148571434642 0.098148571434642
0.00045 0.16093715435872 0.16093715435872
0.00055 0.239393830225865 0.239393830225865
0.00065 0.333499241018664 0.333499241018664
0.00075 0.443230167648245 0.443230167648245
0.00085 0.568559535638613 0.568559535638613
0.00095 0.709456421850163 0.709456421850163
0.00105 0.865886062082488 0.865886062082488
0.00115 1.03780985966306 1.03780985966306
0.00125 1.22518539497296 1.22518539497296
0.00135 1.42796643588738 1.42796643588738
0.00145 1.64610294923317 1.64610294923317
0.00155 1.87954111308564 1.87954111308564
0.00165 2.12822333006901 2.12822333006901
0.00175 2.39208824156734 2.39208824156734
0.00185 2.67107074286344 2.67107074286344
0.00195 2.96510199920164 2.96510199920164
0.00205 3.2741094627653 3.2741094627653
0.00215 3.59801689058248 3.59801689058248
0.00225 3.9367443633509 3.9367443633509
0.00235 4.29020830513771 4.29020830513771
0.00245 4.65832150399415 4.65832150399415
0.00255 5.04099313349826 5.04099313349826
0.00265 5.43812877515926 5.43812877515926
0.00275 5.84963044169218 5.84963044169218
0.00285 6.27539660122078 6.27539660122078
0.00295 6.7153222023153 6.7153222023153
0.00305 7.16929869991834 7.16929869991834
0.00315 7.63721408212348 7.63721408212348
0.00325 8.11895289780651 8.11895289780651
0.00335 8.61439628512706 8.61439628512706
0.00345 9.12342200083849 9.12342200083849
0.00355 9.64590445047264 9.64590445047264
0.00365 10.1817147192884 10.1817147192884
0.00375 10.7307206041307 10.7307206041307
0.00385 11.2927866460044 11.2927866460044
0.00395 11.8677741635365 11.8677741635365
0.00405 12.4555412871441 12.4555412871441
0.00415 13.0559429940957 13.0559429940957
0.00425 13.6688311442512 13.6688311442512
0.00435 14.2940545166326 14.2940545166326
0.00445 14.9314588467275 14.9314588467275
0.00455 15.5808868645479 15.5808868645479
0.00465 16.2421783334565 16.2421783334565
0.00475 16.915170089673 16.915170089673
0.00485 17.5996960825575 17.5996960825575
0.00495 18.2955874155599 18.2955874155599
0.00505 19.0026723879066 19.0026723879066
0.00515 19.7207765369667 19.7207765369667
0.00525 20.449722681275 20.449722681275
0.00535 21.189330964293 21.189330964293
0.00545 21.9394188987287 21.9394188987287
0.00555 22.6998014116209 22.6998014116209
0.00565 23.4702908899509 23.4702908899509
0.00575 24.2506972269796 24.2506972269796
0.00585 25.0408278691117 25.0408278691117
0.00595 25.84048786344 25.84048786344
0.00605 26.649479905827 26.649479905827
0.00615 27.4676043895861 27.4676043895861
0.00625 28.2946594547484 28.2946594547484
0.00635 29.1304410378501 29.1304410378501
0.00645 29.9747429222919 29.9747429222919
0.00655 30.8273567892137 30.8273567892137
0.00665 31.6880722689072 31.6880722689072
0.00675 32.5566769927033 32.5566769927033
0.00685 33.4329566453828 33.4329566453828
0.00695 34.3166950180596 34.3166950180596
0.00705 35.2076740615059 35.2076740615059
0.00715 36.1056739399856 36.1056739399856
0.00725 37.0104730854548 37.0104730854548
0.00735 37.9218482522647 37.9218482522647
0.00745 38.8395745722336 38.8395745722336
0.00755 39.763425610122 39.763425610122
0.00765 40.6931734195171 40.6931734195171
0.00775 41.6285885990497 41.6285885990497
0.00785 42.5694403490207 42.5694403490207
0.00795 43.5154965283502 43.5154965283502
0.00805 44.4665237118214 44.4665237118214
0.00815 45.4222872477139 45.4222872477139
0.00825 46.3825513156735 46.3825513156735
0.00835 47.3470789849051 47.3470789849051
0.00845 48.3156322726463 48.3156322726463
0.00855 49.2879722028716 49.2879722028716
0.00865 50.263858865236 50.263858865236
0.00875 51.2430514743167 51.2430514743167
0.00885 52.225308428997 52.225308428997
0.00895 53.210387372058 53.210387372058
0.00905 54.1980452500201 54.1980452500201
0.00915 55.1880383730774 55.1880383730774
0.00925 56.1801224752356 56.1801224752356
0.00935 57.1740527745934 57.1740527745934
0.00945 58.1695840337204 58.1695840337204
0.00955 59.1664706201778 59.1664706201778
0.00965 60.1644665671097 60.1644665671097
0.00975 61.163325633955 61.163325633955
0.00985 62.1628013671849 62.1628013671849
0.00995 63.1626471611124 63.1626471611124
0.01005 64.1626163187636 64.1626163187636
0.01015 65.1624621126912 65.1624621126912
0.01025 66.1619378459211 66.1619378459211
0.01035 67.1607969127663 67.1607969127663
0.01045 68.1587928597027 68.1587928597027
0.01055 69.1556794461556 69.1556794461556
0.01065 70.1512107052826 70.1512107052826
0.01075 71.1451410046404 71.1451410046404
0.01085 72.1372251067987 72.1372251067987
0.01095 73.1272182298559 73.1272182298559
0.01105 74.1148761078181 74.1148761078181
0.01115 75.0999550508791 75.0999550508791
0.01125 76.0822120055549 76.0822120055549
0.01135 77.0614046146401 77.0614046146401
0.01145 78.0372912770089 78.0372912770089
0.01155 79.0096312072253 79.0096312072253
0.01165 79.978184494971 79.978184494971
0.01175 80.942712164207 80.942712164207
0.01185 81.9029762321621 81.9029762321621
0.01195 82.8587397680502 82.8587397680502
0.01205 83.8097669515214 83.8097669515214
0.01215 84.7558231308509 84.7558231308509
0.01225 85.6966748808263 85.6966748808263
0.01235 86.6320900603634 86.6320900603634
0.01245 87.5618378697496 87.5618378697496
0.01255 88.4856889076424 88.4856889076424
0.01265 89.4034152276113 89.4034152276113
0.01275 90.3147903944257 90.3147903944257
0.01285 91.2195895398948 91.2195895398948
0.01295 92.1175894183701 92.1175894183701
0.01305 93.0085684618165 93.0085684618165
0.01315 93.8923068344932 93.8923068344932
0.01325 94.7685864871728 94.7685864871728
0.01335 95.6371912109732 95.6371912109732
0.01345 96.4979066906624 96.4979066906624
0.01355 97.3505205575886 97.3505205575886
0.01365 98.1948224420259 98.1948224420259
0.01375 99.0306040251276 99.0306040251276
0.01385 99.85765909029 99.85765909029
0.01395 100.675783574049 100.675783574049
0.01405 101.484775616436 101.484775616436
0.01415 102.284435610764 102.284435610764
0.01425 103.074566252896 103.074566252896
0.01435 103.854972589925 103.854972589925
0.01445 104.625462068255 104.625462068255
0.01455 105.385844581147 105.385844581147
0.01465 106.135932515583 106.135932515583
0.01475 106.875540798601 106.875540798601
0.01485 107.604486942909 107.604486942909
0.01495 108.322591091965 108.322591091965
0.01505 109.029676064316 109.029676064316
0.01515 109.725567397319 109.725567397319
0.01525 110.410093390203 110.410093390203
0.01535 111.08308514642 111.08308514642
0.01545 111.744376615328 111.744376615328
0.01555 112.393804633149 112.393804633149
0.01565 113.031208963243 113.031208963243
0.01575 113.656432335625 113.656432335625
0.01585 114.269320485776 114.269320485776
0.01595 114.869722192728 114.869722192728
0.01605 115.45748931634 115.45748931634
0.01615 116.032476833867 116.032476833867
0.01625 116.594542875745 116.594542875745
0.01635 117.143548760588 117.143548760588
0.01645 117.679359029403 117.679359029403
0.01655 118.201841479038 118.201841479038
0.01665 118.710867194749 118.710867194749
0.01675 119.20631058207 119.20631058207
0.01685 119.688049397753 119.688049397753
0.01695 120.155964779953 120.155964779953
0.01705 120.609941277561 120.609941277561
0.01715 121.049866878655 121.049866878655
0.01725 121.475633038184 121.475633038184
0.01735 121.887134704717 121.887134704717
0.01745 122.284270346378 122.284270346378
0.01755 122.666941975882 122.666941975882
0.01765 123.035055174738 123.035055174738
0.01775 123.388519116521 123.388519116521
0.01785 123.727246589289 123.727246589289
0.01795 124.051154017111 124.051154017111
0.01805 124.360161480674 124.360161480674
0.01815 124.654192737013 124.654192737013
0.01825 124.933175238309 124.933175238309
0.01835 125.197040149807 125.197040149807
0.01845 125.44572236679 125.44572236679
0.01855 125.679160530643 125.679160530643
0.01865 125.897297043989 125.897297043989
0.01875 126.100078084908 126.100078084908
0.01885 126.287453620213 126.287453620213
0.01895 126.459377417791 126.459377417791
0.01905 126.615807058024 126.615807058024
0.01915 126.756703944235 126.756703944235
0.01925 126.882033312228 126.882033312228
0.01935 126.991764238855 126.991764238855
0.01945 127.08586964965 127.08586964965
0.01955 127.164326325517 127.164326325517
0.01965 127.227114908437 127.227114908437
0.01975 127.274219906275 127.274219906275
0.01985 127.305629696568 127.305629696568
0.01995 127.321336529431 127.321336529431
0.0202 42.230601485862 127.325263479874
0.0206 41.8145364465922 127.325263479873
0.021 41.4065897495525 127.325263479874
0.0214 41.0065260804743 127.325263479873
0.0218 40.614119132335 127.32526347987
0.0222 40.2291511784736 127.325263479869
0.0226 39.8514126697552 127.325263479868
0.023 39.4807018542231 127.32526347987
0.0234 39.1168244177781 127.325263479868
0.0238 38.7595931445561 127.325263479867
0.0242 38.4088275957367 127.325263479867
0.0246 38.0643538056391 127.325263479863
0.025 37.7260039940325 127.32526347986
0.0254 37.393616293645 127.325263479861
0.0258 37.0670344919533 127.325263479859
0.0262 36.7461077863956 127.325263479861
0.0266 36.4306905521766 127.325263479857
0.027 36.1206421219445 127.325263479855
0.0274 35.8158265766112 127.325263479853
0.0278 35.5161125466813 127.325263479852
0.0282 35.2213730234729 127.325263479855
0.0286 34.9314851796584 127.325263479855
0.029 34.6463301985994 127.325263479853
0.0294 34.3657931119717 127.325263479855
0.0298 34.0897626452086 127.325263479854
0.0302 33.8181310703461 127.325263479853
0.0306 33.550794065838 127.325263479855
0.031 33.2876505829677 127.325263479851
0.0314 33.0286027185084 127.32526347985
0.0318 32.7735555932684 127.325263479848
0.0322 32.5224172362321 127.325263479849
0.0326 32.2750984739789 127.325263479847
0.033 32.0315128251192 127.325263479849
0.0334 31.7915763994625 127.325263479847
0.0338 31.5552078016973 127.325263479849
0.0342 31.3223280393232 127.325263479849
0.0346 31.09286043464 127.325263479851
0.035 30.8667305405708 127.325263479854
0.0354 30.6438660601332 127.325263479854
0.0358 30.4241967693791 127.325263479852
0.0362 30.2076544436175 127.325263479848
0.0366 29.994172786772 127.325263479847
0.037 29.783687363707 127.325263479847
0.0374 29.5761355353885 127.325263479848
0.0378 29.3714563967346 127.325263479844
0.0382 29.1695907170314 127.325263479842
0.0386 28.9704808827851 127.32526347984
0.039 28.7740708429007 127.325263479836
0.0394 28.5803060560802 127.325263479837
0.0398 28.3891334403202 127.325263479836
0.0402 28.2005013244374 127.325263479835
0.0406 28.0143594015031 127.325263479832
0.041 27.8306586841159 127.32526347983
0.0414 27.6493514614179 127.325263479829
0.0418 27.4703912577839 127.325263479829
0.0422 27.2937327931033 127.325263479827
0.0426 27.119331944585 127.325263479827
0.043 26.9471457100162 127.325263479827
0.0434 26.7771321724136 127.325263479827
0.0438 26.6092504660037 127.325263479828
0.0442 26.4434607434738 127.325263479826
0.0446 26.2797241444429 127.325263479826
0.045 26.118002765092 127.325263479824
0.0454 25.9582596289137 127.325263479822
0.0458 25.8004586585253 127.325263479822
0.0462 25.6445646485048 127.325263479827
0.0466 25.4905432392047 127.325263479827
0.047 25.3383608915073 127.325263479824
0.0474 25.1879848624775 127.325263479824
0.0478 25.0393831818727 127.325263479822
0.0482 24.8925246294865 127.325263479823
0.0486 24.7473787132793 127.325263479822
0.049 24.6039156482747 127.325263479822
0.0494 24.4621063361805 127.32526347982
0.0498 24.3219223457153 127.32526347982
0.0502 24.1833358936025 127.325263479817
0.0506 24.0463198262167 127.325263479817
0.051 23.9108476018435 127.325263479817
0.0514 23.7768932735416 127.325263479815
0.0518 23.6444314725748 127.325263479815
0.0522 23.5134373923943 127.325263479815
0.0526 23.3838867731528 127.325263479817
0.053 23.2557558867244 127.325263479816
0.0534 23.1290215222188 127.325263479814
0.0538 23.003660971963 127.325263479815
0.0542 22.8796520179364 127.325263479816
0.0546 22.7569729186444 127.325263479816
0.055 22.6356023964119 127.325263479817
0.0554 22.5155196250781 127.325263479817
0.0558 22.3967042180853 127.325263479815
0.0562 22.2791362169403 127.325263479814
0.0566 22.1627960800372 127.325263479814
0.057 22.047664671829 127.325263479813
0.0574 21.9337232523364 127.325263479813
0.0578 21.8209534669769 127.32526347981
0.0582 21.7093373367111 127.325263479811
0.0586 21.5988572484832 127.325263479808
0.059 21.4894959459594 127.325263479809
0.0594 21.381236520539 127.32526347981
0.0598 21.2740624026417 127.32526347981
0.0602 21.1679573532519 127.32526347981
0.0606 21.0629054557168 127.325263479808
0.061 20.9588911077874 127.325263479808
0.0614 20.855899013891 127.325263479805
0.0618 20.7539141776378 127.325263479808
0.0622 20.652921894535 127.325263479809
0.0626 20.5529077449246 127.325263479808
0.063 20.4538575871177 127.325263479808
0.0634 20.3557575507285 127.325263479807
0.0638 20.2585940302 127.325263479807
0.0642 20.1623536785125 127.325263479807
0.0646 20.067023401073 127.325263479808
0.065 19.9725903497738 127.325263479808
0.0654 19.8790419172223 127.325263479809
0.0658 19.7863657311281 127.32526347981
0.0662 19.694549648849 127.325263479809
0.0666 19.6035817520876 127.325263479809
0.067 19.5134503417335 127.325263479811
0.0674 19.4241439328469 127.325263479811
0.0678 19.3356512497811 127.325263479808
0.0682 19.2479612214372 127.325263479807
0.0686 19.1610629766448 127.325263479804
0.069 19.0749458396708 127.325263479803
0.0694 18.989599325847 127.325263479804
0.0698 18.9050131373127 127.325263479801
0.0702 18.8211771588767 127.325263479801
0.0706 18.7380814539806 127.325263479798
0.071 18.655716260776 127.325263479796
0.0714 18.5740719882997 127.325263479795
0.0718 18.4931392127513 127.325263479793
0.0722 18.4129086738674 127.325263479793
0.0726 18.3333712713882 127.325263479791
0.073 18.2545180616185 127.325263479789
0.0734 18.176340254074 127.325263479788
0.0738 18.0988292082142 127.325263479787
0.0742 18.0219764302597 127.325263479785
0.0746 17.9457735700896 127.325263479785
0.075 17.8702124182152 127.325263479783
0.0754 17.7952849028347 127.325263479782
0.0758 17.7209830869562 127.325263479781
0.0762 17.6472991655968 127.325263479781
0.0766 17.5742254630476 127.32526347978
0.077 17.50175443021 127.325263479778
0.0774 17.4298786419956 127.325263479778
0.0778 17.3585907947892 127.325263479778
0.0782 17.2878837039751 127.325263479777
0.0786 17.217750301525 127.325263479777
0.079 17.1481836336398 127.325263479776
0.0794 17.0791768584541 127.325263479775
0.0798 17.0107232437909 127.325263479775
0.0802 16.9428161649733 127.325263479774
0.0806 16.8754491026869 127.325263479773
0.081 16.8086156408939 127.325263479771
0.0814 16.7423094647959 127.325263479773
0.0818 16.6765243588436 127.325263479771
0.0822 16.6112542047972 127.325263479771
0.0826 16.546492979827 127.325263479769
0.083 16.4822347546627 127.325263479769
0.0834 16.418473691782 127.325263479769
0.0838 16.3552040436441 127.325263479769
0.0842 16.2924201509621 127.325263479769
0.0846 16.2301164410156 127.325263479768
0.085 16.1682874260022 127.325263479767
0.0854 16.1069277014252 127.325263479766
0.0858 16.0460319445199 127.325263479766
0.0862 15.9855949127139 127.325263479766
0.0866 15.925611442122 127.325263479766
0.087 15.8660764460767 127.325263479765
0.0874 15.806984913689 127.325263479765
0.0878 15.7483319084432 127.325263479764
0.0882 15.6901125668223 127.325263479763
0.0886 15.6323220969629 127.325263479762
0.089 15.574955777341 127.325263479763
0.0894 15.5180089554859 127.325263479762
0.0898 15.4614770467226 127.325263479761
0.0902 15.4053555329414 127.325263479761
0.0906 15.3496399613937 127.325263479761
0.091 15.2943259435147 127.32526347976
0.0914 15.2394091537714 127.32526347976
0.0918 15.1848853285342 127.325263479759
0.0922 15.1307502649744 127.325263479759
0.0926 15.0769998199833 127.325263479759
0.093 15.023629909116 127.325263479758
0.0934 14.9706365055565 127.325263479758
0.0938 14.9180156391046 127.325263479758
0.0942 14.8657633951848 127.325263479758
0.0946 14.8138759138752 127.325263479757
0.095 14.7623493889574 127.325263479757
0.0954 14.7111800669853 127.325263479758
0.0958 14.6603642463739 127.325263479757
0.0962 14.6098982765068 127.325263479757
0.0966 14.5597785568619 127.325263479757
0.097 14.5100015361546 127.325263479757
0.0974 14.4605637114999 127.325263479757
0.0978 14.4114616275899 127.325263479757
0.0982 14.3626918758891 127.325263479757
0.0986 14.3142510938456 127.325263479757
0.099 14.2661359641184 127.325263479757
0.0994 14.2183432138198 127.325263479757
0.0998 14.1708696137737 127.325263479757
