0 3.13832766881147
0.0001 3.13832727611643
0.0002 3.13832531273809
0.0003 3.13832020838073
0.0004 3.13831039352359
0.0005 3.13829429980815
0.0006 3.13827036042513
0.0007 3.13823701050103
0.0008 3.13819268748427
0.0009 3.1381358315307
0.001 3.13806488588852
0.0011 3.13797829728231
0.0012 3.13787451629634
0.0013 3.13775199775684
0.0014 3.13760920111326
0.0015 3.13744459081833
0.0016 3.13725663670702
0.0017 3.13704381437402
0.0018 3.13680460554986
0.0019 3.13653749847557
0.002 3.13624098827565
0.0021 3.13591357732938
0.0022 3.13555377564032
0.0023 3.13516010120398
0.0024 3.13473108037347
0.0025 3.13426524822307
0.0026 3.13376114890972
0.0027 3.13321733603221
0.0028 3.13263237298804
0.0029 3.13200483332791
0.003 3.13133330110768
0.0031 3.13061637123769
0.0032 3.12985264982948
0.0033 3.1290407545397
0.0034 3.12817931491118
0.0035 3.1272669727111
0.0036 3.12630238226605
0.0037 3.12528421079412
0.0038 3.12421113873371
0.0039 3.12308186006911
0.004 3.12189508265276
0.0041 3.12064952852404
0.0042 3.11934393422463
0.0043 3.11797705111021
0.0044 3.11654764565855
0.0045 3.11505449977387
0.0046 3.11349641108742
0.0047 3.11187219325407
0.0048 3.1101806762451
0.0049 3.10842070663685
0.005 3.10659114789529
0.0051 3.1046908806565
0.0052 3.10271880300281
0.0053 3.10067383073468
0.0054 3.09855489763825
0.0055 3.09636095574838
0.0056 3.09409097560721
0.0057 3.09174394651822
0.0058 3.08931887679552
0.0059 3.08681479400861
0.006 3.08423074522227
0.0061 3.08156579723168
0.0062 3.07881903679272
0.0063 3.07598957084725
0.0064 3.07307652674346
0.0065 3.07007905245124
0.0066 3.06699631677231
0.0067 3.06382750954542
0.0068 3.06057184184615
0.0069 3.05722854618161
0.007 3.05379687667981
0.0071 3.05027610927366
0.0072 3.04666554187966
0.0073 3.04296449457111
0.0074 3.03917230974589
0.0075 3.03528835228866
0.0076 3.03131200972765
0.0077 3.0272426923857
0.0078 3.0230798335258
0.0079 3.01882288949089
0.008 3.01447133983806
0.0081 3.01002468746688
0.0082 3.0054824587421
0.0083 3.00084420361054
0.0084 2.99610949571205
0.0085 2.99127793248478
0.0086 2.9863491352645
0.0087 2.98132274937797
0.0088 2.97619844423054
0.0089 2.97097591338764
0.009 2.96565487465043
0.0091 2.96023507012543
0.0092 2.95471626628812
0.0093 2.9490982540406
0.0094 2.94338084876314
0.0095 2.93756389035977
0.0096 2.93164724329775
0.0097 2.92563079664104
0.0098 2.91951446407765
0.0099 2.91329818394093
0.01 2.90698191922482
0.0101 2.90056565759294
0.0102 2.89404941138167
0.0103 2.88743321759708
0.0104 2.8807171379058
0.0105 2.87390125861983
0.0106 2.86698569067522
0.0107 2.85997056960469
0.0108 2.85285605550422
0.0109 2.84564233299354
0.011 2.83832961117056
0.0111 2.83091812355978
0.0112 2.82340812805469
0.0113 2.81579990685413
0.0114 2.80809376639267
0.0115 2.80029003726497
0.0116 2.79238907414425
0.0117 2.78439125569475
0.0118 2.77629698447833
0.0119 2.76810668685511
0.012 2.75982081287831
0.0121 2.75143983618315
0.0122 2.74296425387007
0.0123 2.73439458638199
0.0124 2.72573137737595
0.0125 2.71697519358898
0.0126 2.70812662469821
0.0127 2.69918628317545
0.0128 2.69015480413601
0.0129 2.68103284518202
0.013 2.67182108624018
0.0131 2.662520229394
0.0132 2.65313099871055
0.0133 2.64365414006183
0.0134 2.63409042094074
0.0135 2.62444063027167
0.0136 2.61470557821591
0.0137 2.60488609597171
0.0138 2.59498303556919
0.0139 2.58499726966017
0.014 2.57492969130276
0.0141 2.56478121374112
0.0142 2.55455277018004
0.0143 2.54424531355475
0.0144 2.53385981629576
0.0145 2.52339727008893
0.0146 2.51285868563082
0.0147 2.50224509237926
0.0148 2.4915575382994
0.0149 2.48079708960511
0.015 2.46996483049591
0.0151 2.45906186288948
0.0152 2.44808930614975
0.0153 2.43704829681073
0.0154 2.42593998829609
0.0155 2.41476555063455
0.0156 2.40352617017124
0.0157 2.39222304927491
0.0158 2.38085740604135
0.0159 2.36943047399277
0.016 2.3579435017735
0.0161 2.34639775284187
0.0162 2.33479450515848
0.0163 2.32313505087091
0.0164 2.31142069599485
0.0165 2.29965276009191
0.0166 2.287832575944
0.0167 2.27596148922453
0.0168 2.26404085816632
0.0169 2.25207205322655
0.017 2.24005645674855
0.0171 2.2279954626208
0.0172 2.21589047593293
0.0173 2.20374291262911
0.0174 2.19155419915864
0.0175 2.179325772124
0.0176 2.16705907792641
0.0177 2.15475557240894
0.0178 2.14241672049729
0.0179 2.13004399583836
0.018 2.11763888043665
0.0181 2.10520286428858
0.0182 2.09273744501488
0.0183 2.08024412749105
0.0184 2.06772442347607
0.0185 2.05517985123939
0.0186 2.04261193518632
0.0187 2.03002220548193
0.0188 2.01741219767343
0.0189 2.00478345231141
0.019 1.99213751456963
0.0191 1.97947593386383
0.0192 1.96680026346941
0.0193 1.95411206013819
0.0194 1.9414128837143
0.0195 1.92870429674934
0.0196 1.91598786411678
0.0197 1.90326515262594
0.0198 1.89053773063531
0.0199 1.87780716766566
0.02 1.86507503401271
0.0204 1.84818279341837
0.0208 1.83145697883973
0.0212 1.81489434293991
0.0216 1.79849173250772
0.022 1.78224608485479
0.0224 1.7661544243834
0.0228 1.75021385931549
0.0232 1.73442157857381
0.0236 1.71877484880669
0.024 1.70327101154887
0.0244 1.68790748051058
0.0248 1.67268173898832
0.0252 1.65759133739071
0.0256 1.64263389087325
0.026 1.62780707707647
0.0264 1.61310863396191
0.0268 1.59853635774104
0.0272 1.58408810089226
0.0276 1.56976177026162
0.028 1.55555532524295
0.0284 1.54146677603356
0.0288 1.52749418196169
0.0292 1.51363564988225
0.0296 1.49988933263746
0.03 1.48625342757938
0.0304 1.47272617515124
0.0308 1.45930585752491
0.0312 1.44599079729172
0.0316 1.43277935620432
0.032 1.41966993396701
0.0324 1.40666096707252
0.0328 1.39375092768292
0.0332 1.38093832255288
0.0336 1.36822169199309
0.034 1.35559960887241
0.0344 1.34307067765668
0.0348 1.33063353348283
0.0352 1.3182868412666
0.0356 1.30602929484255
0.036 1.29385961613479
0.0364 1.28177655435735
0.0368 1.26977888524264
0.0372 1.25786541029716
0.0376 1.246034956083
0.038 1.23428637352431
0.0384 1.22261853723749
0.0388 1.21103034488438
0.0392 1.19952071654722
0.0396 1.18808859412479
0.04 1.17673294074866
0.0404 1.16545274021888
0.0408 1.15424699645828
0.0412 1.14311473298464
0.0416 1.13205499240007
0.042 1.12106683589696
0.0424 1.11014934277972
0.0428 1.09930161000188
0.0432 1.08852275171787
0.0436 1.07781189884891
0.044 1.06716819866251
0.0444 1.05659081436512
0.0448 1.04607892470734
0.0452 1.0356317236013
0.0456 1.02524841974974
0.046 1.01492823628633
0.0464 1.00467041042693
0.0468 0.994474193131245
0.0472 0.984338848774642
0.0476 0.974263654829651
0.048 0.964247901556902
0.0484 0.954290891705107
0.0488 0.944391940219795
0.0492 0.934550373960486
0.0496 0.924765531426013
0.05 0.915036762487727
0.0504 0.905363428130286
0.0508 0.8957449001998
0.0512 0.886180561159062
0.0516 0.876669803849646
0.052 0.867212031260616
0.0524 0.857806656303658
0.0528 0.848453101594397
0.0532 0.839150799239707
0.0536 0.82989919063082
0.054 0.820697726242034
0.0544 0.81154586543486
0.0548 0.802443076267402
0.0552 0.793388835308837
0.0556 0.784382627458806
0.056 0.775423945771572
0.0564 0.766512291284796
0.0568 0.757647172852781
0.0572 0.748828106984049
0.0576 0.740054617683115
0.058 0.731326236296324
0.0584 0.722642501361639
0.0588 0.714002958462246
0.0592 0.705407160083862
0.0596 0.696854665475647
0.06 0.68834504051459
0.0604 0.679877857573289
0.0608 0.671452695391003
0.0612 0.663069138947888
0.0616 0.654726779342331
0.062 0.646425213671276
0.0624 0.638164044913462
0.0628 0.629942881815492
0.0632 0.621761338780645
0.0636 0.613619035760354
0.064 0.605515598148274
0.0644 0.597450656676869
0.0648 0.58942384731644
0.0652 0.58143481117653
0.0656 0.573483194409641
0.066 0.56556864811719
0.0664 0.55769082825765
0.0668 0.549849395556815
0.0672 0.542044015420122
0.0676 0.534274357846983
0.068 0.526540097347071
0.0684 0.518840912858496
0.0688 0.511176487667838
0.0692 0.50354650933197
0.0696 0.495950669601631
0.07 0.488388664346706
0.0704 0.480860193483155
0.0708 0.473364960901563
0.0712 0.465902674397252
0.0716 0.458473045601932
0.072 0.451075789916832
0.0724 0.443710626447285
0.0728 0.43637727793873
0.0732 0.429075470714082
0.0736 0.421804934612453
0.074 0.414565402929167
0.0744 0.407356612357063
0.0748 0.400178302929027
0.0752 0.393030217961741
0.0756 0.385912104000607
0.076 0.378823710765825
0.0764 0.371764791099586
0.0768 0.364735100914367
0.0772 0.357734399142283
0.0776 0.350762447685485
0.078 0.343819011367569
0.0784 0.336903857885979
0.0788 0.330016757765369
0.0792 0.323157484311913
0.0796 0.316325813568532
0.08 0.309521524271015
0.0804 0.302744397805026
0.0808 0.295994218163951
0.0812 0.289270771907594
0.0816 0.282573848121675
0.082 0.275903238378138
0.0824 0.269258736696219
0.0828 0.262640139504288
0.0832 0.256047245602423
0.0836 0.24947985612571
0.084 0.242937774508253
0.0844 0.236420806447868
0.0848 0.229928759871461
0.0852 0.223461444901061
0.0856 0.217018673820491
0.086 0.210600261042683
0.0864 0.204206023077597
0.0868 0.197835778500748
0.0872 0.191489347922317
0.0876 0.185166553956842
0.088 0.178867221193465
0.0884 0.172591176166736
0.0888 0.166338247327951
0.0892 0.160108265017014
0.0896 0.15390106143482
0.09 0.147716470616131
0.0904 0.141554328402954
0.0908 0.135414472418397
0.0912 0.129296742040991
0.0916 0.123200978379482
0.092 0.117127024248068
0.0924 0.111074724142079
0.0928 0.105043924214085
0.0932 0.099034472250439
0.0936 0.0930462176482164
0.094 0.0870790113925745
0.0944 0.0811327060345006
0.0948 0.0752071556689505
0.0952 0.0693022159133676
0.0956 0.0634177438865735
0.096 0.0575535981880239
0.0964 0.0517096388774212
0.0968 0.0458857274546764
0.0972 0.0400817268402146
0.0976 0.0342975013556146
0.098 0.0285329167045787
0.0984 0.022787839954223
0.0988 0.0170621395166848
0.0992 0.0113556851310374
0.0996 0.00566834784550948
0.1 0
