0.0001 157.068328610066 157.073173118207
0.0002 314.097902975874 314.107590781283
0.0003 471.049978312265 471.064507096427
0.0004 627.885829240782 627.905195293134
0.0005 784.566758671445 784.590957278449
0.0006 941.054107927997 941.083133185143
0.0007 1097.30926629581 1097.34311091045
0.0008 1253.29367990368 1253.33233564304
0.0009 1408.9688621155 1409.01231937583
0.001 1564.29640232325 1564.34465040231
0.0011 1719.23797580576 1719.2910027941
0.0012 1873.75535309897 1873.81314585725
0.0013 2027.81040914424 2027.87295356512
0.0014 2181.36513345791 2181.43241396543
0.0015 2334.38163852461 2334.45363855905
0.0016 2486.82216983376 2486.89887164855
0.0017 2638.64911498323 2638.73049965373
0.0018 2789.82501296099 2789.91106039229
0.0019 2940.31256338201 2940.40325232304
0.002 3090.07463563659 3090.16994374947
0.0021 3239.07427817183 3239.17418198149
0.0022 3387.27472768418 3387.37920245291
0.0023 3534.63941786814 3534.74843779257
0.0024 3681.13198856435 3681.24552684678
0.0025 3826.71629504116 3826.8343236509
0.0026 3971.35641660994 3971.47890634781
0.0027 4115.01666532923 4115.14358605109
0.0028 4257.66159528605 4257.79291565073
0.0029 4399.25601094514 4399.39169855915
0.003 4539.76497603038 4539.90499739547
0.0031 4679.15382205143 4679.29814260573
0.0032 4817.38815683029 4817.53674101715
0.0033 4954.4338732055 4954.58668432407
0.0034 5090.25715711432 5090.41415750371
0.0035 5224.82449634153 5224.98564715949
0.0036 5358.10268815771 5358.26794978997
0.0037 5490.05884842305 5490.22817998132
0.0038 5620.66041873697 5620.83377852131
0.0039 5749.87517532043 5750.05252043279
0.004 5877.67123607644 5877.85252292473
0.0041 6004.0170695163 6004.20225325884
0.0042 6128.88150155481 6129.07053652977
0.0043 6252.2337238136 6252.42656335705
0.0044 6374.04330094952 6374.2398974869
0.0045 6494.28017820423 6494.48048330184
0.0046 6612.91468908591 6613.11865323652
0.0047 6729.91756216482 6730.12513509773
0.0048 6845.25992884492 6845.47105928689
0.0049 6958.91333002412 6959.12796592314
0.005 7070.8497234672 7071.06781186548
0.0051 7181.04149060044 7181.26297763189
0.0052 7289.46144308294 7289.68627421411
0.0053 7396.08283017999 7396.3109497861
0.0054 7500.87934435766 7501.1106963046
0.0055 7603.8251289212 7604.05965600031
0.0056 7704.89478330026 7705.13242775789
0.0057 7804.06337028699 7804.3040733833
0.0058 7901.30642132068 7901.5501237569
0.0059 7996.59994328292 7996.84658487091
0.006 8089.92042387052 8090.16994374947
0.0061 8181.24483759055 8181.49717425023
0.0062 8270.55065162346 8270.80574274562
0.0063 8357.81583101719 8358.0736136827
0.0064 8443.01884441724 8443.27925502015
0.0065 8526.13866921819 8526.40164354092
0.0066 8607.1547969358 8607.42027003944
0.0067 8686.04723796008 8686.31514438191
0.0068 8762.79652679562 8763.06680043864
0.0069 8837.38372676743 8837.65630088693
0.007 8909.79043446369 8910.06524188368
0.0071 8979.99878479722 8980.27575760616
0.0072 9047.99145469146 9048.27052466019
0.0073 9113.75166809944 9114.03276635445
0.0074 9177.26319968898 9177.54625683981
0.0075 9238.51037888388 9238.79532511287
0.0076 9297.47809395029 9297.76485888251
0.0077 9354.15179532667 9354.44030829867
0.0078 9408.51749970928 9408.80768954225
0.0079 9460.5617932953 9460.85358827545
0.008 9510.27183471182 9510.56516295154
0.0081 9557.6353589254 9557.9301479833
0.0082 9602.64067959577 9602.93685676943
0.0083 9645.27669231613 9645.57418457798
0.0084 9685.53287741247 9685.83161128631
0.0085 9723.3993022528 9723.69920397676
0.0086 9758.86662364356 9759.16761938747
0.0087 9791.92609080754 9792.22810621766
0.0088 9822.56954680244 9822.87250728689
0.0089 9850.78943060997 9851.09326154774
0.009 9876.57877962167 9876.88340595138
0.0091 9899.93123057259 9900.23657716557
0.0092 9920.84102158219 9921.14701314478
0.0093 9939.30299357799 9939.6095545518
0.0094 9955.31259126998 9955.6196460308
0.0095 9968.86586457363 9969.17333733128
0.0096 9979.9594693194 9980.26728428272
0.0097 9988.59066845276 9988.8987496197
0.0098 9994.75733229882 9995.06560365732
0.0099 9998.4579392754 9998.76632481661
0.01 9999.69157651214 10000
0.0101 9998.45793927523 9998.76632481661
0.0102 9994.75733229906 9995.06560365732
0.0103 9988.59066845259 9988.8987496197
0.0104 9979.95946936391 9980.26728428272
0.0105 9968.86586452922 9969.17333733128
0.0106 9955.31259126998 9955.6196460308
0.0107 9939.30299357788 9939.6095545518
0.0108 9920.84102158237 9921.14701314478
0.0109 9899.93123057235 9900.23657716557
0.011 9876.57877962184 9876.88340595138
0.0111 9850.78943061004 9851.09326154774
0.0112 9822.56954675796 9822.87250728689
0.0113 9791.92609085178 9792.22810621766
0.0114 9758.86662368814 9759.16761938747
0.0115 9723.39930216382 9723.69920397677
0.0116 9685.53287745712 9685.83161128631
0.0117 9645.27669236054 9645.57418457798
0.0118 9602.64067955129 9602.93685676943
0.0119 9557.63535888099 9557.9301479833
0.012 9510.27183471172 9510.56516295154
0.0121 9460.56179329523 9460.85358827545
0.0122 9408.51749975386 9408.80768954225
0.0123 9354.15179537108 9354.44030829867
0.0124 9297.47809386147 9297.76485888251
0.0125 9238.51037892837 9238.79532511287
0.0126 9177.26319968882 9177.54625683981
0.0127 9113.75166814386 9114.03276635445
0.0128 9047.99145469161 9048.2705246602
0.0129 8979.99878475281 8980.27575760616
0.013 8909.79043446354 8910.06524188368
0.0131 8837.38372676751 8837.65630088693
0.0132 8762.79652679547 8763.06680043864
0.0133 8686.04723800464 8686.31514438191
0.0134 8607.15479689139 8607.42027003944
0.0135 8526.13866926267 8526.40164354092
0.0136 8443.01884437276 8443.27925502015
0.0137 8357.81583101711 8358.0736136827
0.0138 8270.55065162346 8270.80574274562
0.0139 8181.24483759069 8181.49717425023
0.014 8089.92042387052 8090.16994374947
0.0141 7996.59994328285 7996.8465848709
0.0142 7901.30642132075 7901.5501237569
0.0143 7804.06337028685 7804.3040733833
0.0144 7704.89478330025 7705.13242775789
0.0145 7603.82512892126 7604.05965600031
0.0146 7500.87934435773 7501.1106963046
0.0147 7396.08283017992 7396.3109497861
0.0148 7289.461443083 7289.68627421411
0.0149 7181.04149055583 7181.26297763189
0.015 7070.84972351173 7071.06781186548
0.0151 6958.91333002412 6959.12796592314
0.0152 6845.25992884492 6845.47105928689
0.0153 6729.91756216482 6730.12513509773
0.0154 6612.91468908591 6613.11865323652
0.0155 6494.28017820419 6494.48048330184
0.0156 6374.04330094956 6374.2398974869
0.0157 6252.2337238136 6252.42656335705
0.0158 6128.88150151019 6129.07053652976
0.0159 6004.01706951668 6004.20225325884
0.016 5877.67123612065 5877.85252292473
0.0161 5749.87517527627 5750.05252043279
0.0162 5620.66041878124 5620.83377852131
0.0163 5490.05884842286 5490.22817998131
0.0164 5358.10268815788 5358.26794978997
0.0165 5224.82449634139 5224.98564715949
0.0166 5090.25715711452 5090.41415750371
0.0167 4954.43387320535 4954.58668432408
0.0168 4817.38815683017 4817.53674101715
0.0169 4679.1538220072 4679.29814260573
0.017 4539.76497607472 4539.90499739547
0.0171 4399.25601094533 4399.39169855915
0.0172 4257.66159528594 4257.79291565073
0.0173 4115.01666532916 4115.14358605109
0.0174 3971.35641660997 3971.47890634781
0.0175 3826.71629504106 3826.83432365089
0.0176 3681.1319885645 3681.24552684678
0.0177 3534.6394178237 3534.74843779257
0.0178 3387.27472768425 3387.37920245291
0.0179 3239.07427821614 3239.17418198149
0.018 3090.07463563651 3090.16994374947
0.0181 2940.31256338213 2940.40325232304
0.0182 2789.82501296091 2789.9110603923
0.0183 2638.64911498342 2638.73049965373
0.0184 2486.82216983362 2486.89887164855
0.0185 2334.38163852462 2334.45363855905
0.0186 2181.36513345792 2181.43241396542
0.0187 2027.81040918859 2027.87295356512
0.0188 1873.75535305471 1873.81314585725
0.0189 1719.23797578339 1719.2910027941
0.019 1564.29640232333 1564.34465040231
0.0191 1408.96886211551 1409.01231937583
0.0192 1253.29367992588 1253.33233564304
0.0193 1097.30926627354 1097.34311091045
0.0194 941.05410795021 941.083133185144
0.0195 784.566758671477 784.590957278451
0.0196 627.885829196355 627.905195293136
0.0197 471.049978378901 471.064507096425
0.0198 314.097902931407 314.107590781282
0.0199 157.068328632302 157.073173118207
0.020075 15.7078017708159 0
0.0204 -1.95399252334029e-09 0
0.0208 1.70530256582425e-09 0
0.0212 -2.94875235340438e-09 0
0.0216 -5.79092329644485e-09 0
0.022 -3.5882408155885e-09 0
0.0224 -2.34479102800832e-09 0
0.0228 4.19220214098462e-09 0
0.0232 -4.93827201353268e-09 0
0.0236 -1.98951966012828e-09 0
0.024 8.88178419700131e-10 0
0.0244 -1.10844666778575e-08 0
0.0248 -7.9580786405131e-09 0
0.0252 4.12114786740861e-09 0
0.0256 -4.58300064565259e-09 0
0.026 3.69482222595254e-09 0
0.0264 -9.02389274415333e-09 0
0.0268 -6.89226453687289e-09 0
0.0272 -4.33431068813664e-09 0
0.0276 -8.52651282912125e-10 0
0.028 5.61328761250473e-09 0
0.0284 2.48689957516037e-10 0
0.0288 -4.86721773995672e-09 0
0.0292 6.11066752753679e-09 0
0.0296 -3.19744231092047e-09 0
0.03 -1.91846538655227e-09 0
0.0304 5.36459765498874e-09 0
0.0308 -1.01607611213695e-08 0
0.0312 -3.76587649952849e-09 0
0.0316 -4.79616346638071e-09 0
0.032 1.52766688188422e-09 0
0.0324 -4.22772927777255e-09 0
0.0328 4.79616346638071e-09 0
0.0332 -3.51718654201252e-09 0
0.0336 3.12638803734446e-09 0
0.034 7.81597009336101e-10 0
0.0344 4.68958205601661e-09 0
0.0348 9.05941988094133e-09 0
0.0352 -1.84741111297627e-09 0
0.0356 -5.04485342389674e-09 0
0.036 -9.66338120633725e-09 0
0.0364 -1.95399252334029e-09 0
0.0368 6.39488462184083e-10 0
0.0372 7.10542735760105e-10 0
0.0376 -8.1357143244532e-09 0
0.038 -5.57776047571682e-09 0
0.0384 -3.94351218346851e-09 0
0.0388 -1.18305365504057e-08 0
0.0392 3.80140363631649e-09 0
0.0396 -2.52242671194837e-09 0
0.04 -3.4106051316485e-09 0
0.0404 -8.27782287160522e-09 0
0.0408 -2.87769807982837e-09 0
0.0412 -2.62900812231239e-09 0
0.0416 -2.02504679691626e-09 0
0.042 -3.94351218346858e-09 0
0.0424 -4.61852778244068e-10 0
0.0428 -4.26325641456055e-10 0
0.0432 3.19744231092047e-10 0
0.0436 2.45137243837232e-09 0
0.044 -3.33955085807249e-09 0
0.0444 -1.3500311979442e-09 0
0.0448 -5.68434188608084e-09 0
0.0452 -4.26325641456055e-09 0
0.0456 1.3855583347322e-09 0
0.046 1.02673425317333e-08 0
0.0464 2.16715534406832e-09 0
0.0468 -8.59756710269726e-09 0
0.0472 -2.13162820728031e-10 0
0.0476 -3.58824081558847e-09 0
0.048 2.34479102800834e-09 0
0.0484 -3.30402372128443e-09 0
0.0488 -1.42108547152021e-09 0
0.0492 -4.83169060316871e-09 0
0.0496 -1.42108547152018e-10 0
0.05 -5.93303184359687e-09 0
0.0504 5.68434188608074e-10 0
0.0508 -2.13162820728031e-09 0
0.0512 -3.16191517413246e-09 0
0.0516 -2.13162820728031e-10 0
0.052 -6.75015598972088e-10 0
0.0524 5.79092329644485e-09 0
0.0528 -2.70006239588835e-09 0
0.0532 -4.15667500419661e-09 0
0.0536 2.45137243837236e-09 0
0.054 1.52766688188422e-09 0
0.0544 -1.24344978758016e-09 0
0.0548 3.90798504668058e-09 0
0.0552 -6.03961325396078e-10 0
0.0556 -4.68958205601669e-09 0
0.056 -3.33955085807249e-09 0
0.0564 -1.77635683940026e-10 0
0.0568 -2.73558953267635e-09 0
0.0572 1.38555833473218e-09 0
0.0576 -6.67910171614498e-09 0
0.058 4.97379915032073e-10 0
0.0584 -5.29354338141278e-09 0
0.0588 2.3447910280083e-09 0
0.0592 1.24344978758018e-09 0
0.0596 1.38555833473218e-09 0
0.06 -7.10542735760104e-11 0
0.0604 -5.68434188608084e-09 0
0.0608 2.48689957516037e-10 0
0.0612 -9.09494701772918e-09 0
0.0616 7.92255150372517e-09 0
0.062 1.95399252334025e-09 0
0.0624 -2.0605739337043e-09 0
0.0628 -7.10542735760104e-11 0
0.0632 -2.48689957516028e-09 0
0.0636 2.13162820728039e-10 0
0.064 -2.48689957516028e-10 0
0.0644 3.97903932025672e-09 0
0.0648 -3.19744231092036e-10 0
0.0652 2.30926389122026e-09 0
0.0656 1.03028696685219e-09 0
0.066 -1.27897692436814e-09 0
0.0664 -1.77635683940032e-10 0
0.0668 5.68434188608064e-09 0
0.0672 -1.06581410364016e-10 0
0.0676 -6.67910171614498e-09 0
0.068 -3.83693077310443e-09 0
0.0684 -6.18172180111312e-09 0
0.0688 -4.90274487674455e-09 0
0.0692 3.33955085807249e-09 0
0.0696 -7.78044295657314e-09 0
0.07 5.68434188608064e-10 0
0.0704 -7.1764816311773e-09 0
0.0708 -4.26325641456048e-09 0
0.0712 -4.61852778244084e-09 0
0.0716 -4.4408920985005e-09 0
0.072 9.59232693276108e-10 0
0.0724 -5.68434188608103e-09 0
0.0728 -4.36983782492449e-09 0
0.0732 -2.52242671194846e-09 0
0.0736 -3.44613226843639e-09 0
0.074 -4.68958205601669e-09 0
0.0744 1.31450406115619e-09 0
0.0748 -5.08038056068457e-09 0
0.0752 -2.87769807982852e-09 0
0.0756 -4.01456645704445e-09 0
0.076 1.13686837721617e-09 0
0.0764 -3.09086090055645e-09 0
0.0768 -4.90274487674455e-09 0
0.0772 3.55271367880065e-11 0
0.0776 1.49213974509617e-09 0
0.078 -4.15667500419676e-09 0
0.0784 1.42108547152016e-09 0
0.0788 -3.76587649952842e-09 0
0.0792 -1.1013412404282e-09 0
0.0796 -1.17239551400413e-09 0
0.08 -1.35003119794425e-09 0
0.0804 -3.87245790989244e-09 0
0.0808 -3.62376795237653e-09 0
0.0812 3.01980662698044e-09 0
0.0816 -3.97903932025645e-09 0
0.082 -1.31450406115624e-09 0
0.0824 -3.94351218346844e-09 0
0.0828 6.03961325396089e-10 0
0.0832 -1.06581410364016e-10 0
0.0836 7.46069872548084e-10 0
0.084 -1.20792265079222e-09 0
0.0844 -3.09086090055635e-09 0
0.0848 -1.38555833473225e-09 0
0.0852 -3.16191517413236e-09 0
0.0856 -7.81597009336088e-10 0
0.086 1.74082970261232e-09 0
0.0864 -1.45661260830816e-09 0
0.0868 -6.0396132539611e-10 0
0.0872 -2.34479102800826e-09 0
0.0876 -2.30926389122034e-09 0
0.088 -9.59232693276141e-10 0
0.0884 -1.84741111297621e-09 0
0.0888 9.94759830064181e-10 0
0.0892 -2.13162820728024e-09 0
0.0896 -2.98427949019244e-09 0
0.09 1.06581410364016e-10 0
0.0904 2.13162820728024e-10 0
0.0908 -1.6697754290363e-09 0
0.0912 -1.27897692436814e-09 0
0.0916 -6.75015598972123e-10 0
0.092 -1.06581410364012e-10 0
0.0924 -9.94759830064112e-10 0
0.0928 -1.81188397618833e-09 0
0.0932 -5.68434188608064e-10 0
0.0936 7.10542735760129e-11 0
0.094 -1.03028696685212e-09 0
0.0944 -1.06581410364016e-09 0
0.0948 4.26325641456063e-10 0
0.0952 2.48689957516028e-10 0
0.0956 -6.75015598972123e-10 0
0.096 -6.03961325396068e-10 0
0.0964 -3.19744231092058e-10 0
0.0968 -4.26325641456048e-10 0
0.0972 1.7763568394002e-10 0
0.0976 2.13162820728039e-10 0
0.098 -2.48689957516028e-10 0
0.0984 -2.48689957516045e-10 0
0.0988 -1.42108547152016e-10 0
0.0992 2.13162820728024e-10 0
0.0996 -3.55271367880065e-11 0
