0 0.00500000000000001
0.000390625 0.0049999237060547
0.00078125 0.00499969482421876
0.001171875 0.0049993133544922
0.0015625 0.00499877929687501
0.001953125 0.0049980926513672
0.00234375 0.00499725341796876
0.002734375 0.0049962615966797
0.003125 0.00499511718750001
0.003515625 0.0049938201904297
0.00390625 0.00499237060546876
0.004296875 0.0049907684326172
0.0046875 0.00498901367187501
0.005078125 0.0049871063232422
0.00546875 0.00498504638671876
0.005859375 0.0049828338623047
0.00625 0.00498046875000001
0.006640625 0.0049779510498047
0.00703125 0.00497528076171876
0.007421875 0.0049724578857422
0.0078125 0.00496948242187501
0.008203125 0.0049663543701172
0.00859375 0.00496307373046876
0.008984375 0.0049596405029297
0.009375 0.00495605468750001
0.009765625 0.0049523162841797
0.01015625 0.00494842529296876
0.010546875 0.00494438171386719
0.0109375 0.00494018554687501
0.011328125 0.00493583679199219
0.01171875 0.00493133544921876
0.012109375 0.0049266815185547
0.0125 0.00492187500000001
0.012890625 0.00491691589355469
0.01328125 0.00491180419921876
0.013671875 0.00490653991699219
0.0140625 0.00490112304687501
0.014453125 0.00489555358886719
0.01484375 0.00488983154296876
0.015234375 0.00488395690917969
0.015625 0.00487792968750001
0.016015625 0.00487174987792969
0.01640625 0.00486541748046875
0.016796875 0.00485893249511719
0.0171875 0.004852294921875
0.017578125 0.00484550476074219
0.01796875 0.00483856201171875
0.018359375 0.00483146667480469
0.01875 0.00482421875
0.019140625 0.00481681823730469
0.01953125 0.00480926513671875
0.019921875 0.00480155944824219
0.0203125 0.004793701171875
0.020703125 0.00478569030761719
0.02109375 0.00477752685546875
0.021484375 0.00476921081542969
0.021875 0.0047607421875
0.022265625 0.00475212097167969
0.02265625 0.00474334716796875
0.023046875 0.00473442077636719
0.0234375 0.004725341796875
0.023828125 0.00471611022949219
0.02421875 0.00470672607421875
0.024609375 0.00469718933105469
0.025 0.0046875
0.025390625 0.00467765808105469
0.02578125 0.00466766357421875
0.026171875 0.00465751647949219
0.0265625 0.004647216796875
0.026953125 0.00463676452636719
0.02734375 0.00462615966796875
0.027734375 0.00461540222167969
0.028125 0.00460449218750001
0.028515625 0.00459342956542969
0.02890625 0.00458221435546875
0.029296875 0.00457084655761719
0.0296875 0.004559326171875
0.030078125 0.00454765319824219
0.03046875 0.00453582763671875
0.030859375 0.00452384948730469
0.03125 0.00451171875
0.031640625 0.00449943542480469
0.03203125 0.00448699951171875
0.032421875 0.00447441101074219
0.0328125 0.004461669921875
0.033203125 0.00444877624511719
0.03359375 0.00443572998046875
0.033984375 0.00442253112792969
0.034375 0.0044091796875
0.034765625 0.00439567565917969
0.03515625 0.00438201904296875
0.035546875 0.00436820983886719
0.0359375 0.004354248046875
0.036328125 0.00434013366699219
0.03671875 0.00432586669921875
0.037109375 0.00431144714355469
0.0375 0.004296875
0.037890625 0.00428215026855469
0.03828125 0.00426727294921875
0.038671875 0.00425224304199219
0.0390625 0.004237060546875
0.039453125 0.00422172546386719
0.03984375 0.00420623779296875
0.040234375 0.00419059753417969
0.040625 0.0041748046875
0.041015625 0.00415885925292969
0.04140625 0.00414276123046875
0.041796875 0.00412651062011719
0.0421875 0.004110107421875
0.042578125 0.00409355163574219
0.04296875 0.00407684326171875
0.043359375 0.00405998229980469
0.04375 0.00404296875
0.044140625 0.00402580261230469
0.04453125 0.00400848388671875
0.044921875 0.00399101257324219
0.0453125 0.003973388671875
0.045703125 0.00395561218261719
0.04609375 0.00393768310546875
0.046484375 0.00391960144042969
0.046875 0.0039013671875
0.047265625 0.00388298034667969
0.04765625 0.00386444091796875
0.048046875 0.00384574890136719
0.0484375 0.003826904296875
0.048828125 0.00380790710449219
0.04921875 0.00378875732421875
0.049609375 0.00376945495605469
0.05 0.00375
0.050390625 0.00373039245605469
0.05078125 0.00371063232421875
0.051171875 0.00369071960449219
0.0515625 0.00367065429687501
0.051953125 0.00365043640136719
0.05234375 0.00363006591796876
0.052734375 0.00360954284667969
0.053125 0.00358886718750001
0.053515625 0.00356803894042969
0.05390625 0.00354705810546876
0.054296875 0.00352592468261719
0.0546875 0.00350463867187501
0.055078125 0.00348320007324219
0.05546875 0.00346160888671876
0.055859375 0.00343986511230469
0.05625 0.00341796875000001
0.056640625 0.00339591979980469
0.05703125 0.00337371826171876
0.057421875 0.00335136413574219
0.0578125 0.00332885742187501
0.058203125 0.00330619812011719
0.05859375 0.00328338623046876
0.058984375 0.00326042175292969
0.059375 0.00323730468750001
0.059765625 0.00321403503417969
0.06015625 0.00319061279296876
0.060546875 0.00316703796386719
0.0609375 0.00314331054687501
0.061328125 0.00311943054199219
0.06171875 0.00309539794921876
0.062109375 0.00307121276855469
0.0625 0.00304687500000001
0.062890625 0.00302238464355469
0.06328125 0.00299774169921876
0.063671875 0.00297294616699219
0.0640625 0.00294799804687501
0.064453125 0.00292289733886719
0.06484375 0.00289764404296876
0.065234375 0.00287223815917969
0.065625 0.00284667968750001
0.066015625 0.00282096862792969
0.06640625 0.00279510498046876
0.066796875 0.00276908874511719
0.0671875 0.00274291992187501
0.067578125 0.00271659851074219
0.06796875 0.00269012451171876
0.068359375 0.00266349792480469
0.06875 0.00263671875000001
0.069140625 0.00260978698730469
0.06953125 0.00258270263671876
0.069921875 0.00255546569824219
0.0703125 0.00252807617187501
0.070703125 0.00250053405761719
0.07109375 0.00247283935546876
0.071484375 0.00244499206542969
0.071875 0.00241699218750001
0.072265625 0.00238883972167969
0.07265625 0.00236053466796876
0.073046875 0.00233207702636719
0.0734375 0.00230346679687501
0.073828125 0.00227470397949219
0.07421875 0.00224578857421876
0.074609375 0.00221672058105469
0.075 0.00218750000000001
0.075390625 0.00215812683105469
0.07578125 0.00212860107421876
0.076171875 0.00209892272949219
0.0765625 0.00206909179687501
0.076953125 0.00203910827636719
0.07734375 0.00200897216796876
0.077734375 0.00197868347167969
0.078125 0.00194824218750001
0.078515625 0.00191764831542969
0.07890625 0.00188690185546876
0.079296875 0.00185600280761719
0.0796875 0.00182495117187501
0.080078125 0.00179374694824219
0.08046875 0.00176239013671876
0.080859375 0.00173088073730469
0.08125 0.00169921875
0.081640625 0.00166740417480469
0.08203125 0.00163543701171875
0.082421875 0.00160331726074219
0.0828125 0.001571044921875
0.083203125 0.00153861999511719
0.08359375 0.00150604248046875
0.083984375 0.00147331237792969
0.084375 0.0014404296875
0.084765625 0.00140739440917969
0.08515625 0.00137420654296875
0.085546875 0.00134086608886719
0.0859375 0.001307373046875
0.086328125 0.00127372741699219
0.08671875 0.00123992919921875
0.087109375 0.00120597839355469
0.0875 0.001171875
0.087890625 0.00113761901855469
0.08828125 0.00110321044921875
0.088671875 0.00106864929199219
0.0890625 0.001033935546875
0.089453125 0.000999069213867191
0.08984375 0.000964050292968753
0.090234375 0.000928878784179691
0.090625 0.000893554687500003
0.091015625 0.000858078002929691
0.09140625 0.000822448730468753
0.091796875 0.00078666687011719
0.0921875 0.000750732421875003
0.092578125 0.00071464538574219
0.09296875 0.000678405761718752
0.093359375 0.00064201354980469
0.09375 0.000605468750000002
0.094140625 0.000568771362304689
0.09453125 0.000531921386718752
0.094921875 0.000494918823242189
0.0953125 0.000457763671875002
0.095703125 0.000420455932617189
0.09609375 0.000382995605468751
0.096484375 0.000345382690429689
0.096875 0.000307617187500001
0.097265625 0.000269699096679688
0.09765625 0.000231628417968751
0.098046875 0.000193405151367188
0.0984375 0.000155029296875001
0.098828125 0.000116500854492188
0.09921875 7.78198242187503e-05
0.099609375 3.89862060546876e-05
0.1 0
