0.00078125 0.999999999999801 1
0.0015625 0.999999999999801 1
0.00234375 1.00000000000051 1
0.003125 0.999999999999801 1
0.00390625 0.999999999999801 1
0.0046875 0.9999999999998 1
0.00546875 0.999999999999802 1
0.00625 1.00000000000122 1
0.00703125 0.999999999998381 1
0.0078125 1.00000000000122 1
0.00859375 0.9999999999998 1
0.009375 0.999999999999802 1
0.01015625 0.9999999999998 1
0.0109375 1.00000000000051 1
0.01171875 0.999999999999802 1
0.0125 0.99999999999909 1
0.01328125 1.00000000000122 1
0.0140625 0.9999999999998 1
0.01484375 0.9999999999998 1
0.015625 0.999999999999805 1
0.01640625 0.999999999999796 1
0.0171875 1.00000000000052 1
0.01796875 0.999999999999796 1
0.01875 0.999999999999805 1
0.01953125 1.00000000000052 1
0.0203125 0.999999999999796 1
0.02109375 0.999999999999805 1
0.021875 1.00000000000051 1
0.02265625 0.999999999999805 1
0.0234375 0.999999999999805 1
0.02421875 0.999999999999796 1
0.025 0.999999999999805 1
0.02578125 1.00000000000122 1
0.0265625 0.999999999998384 1
0.02734375 1.00000000000123 1
0.028125 0.999999999999796 1
0.02890625 0.999999999999805 1
0.0296875 0.999999999999796 1
0.03046875 1.00000000000052 1
0.03125 1.00000000000051 1
0.03203125 0.999999999999094 1
0.0328125 0.999999999999805 1
0.03359375 1.00000000000052 1
0.034375 1.00000000000051 1
0.03515625 0.999999999999085 1
0.0359375 1.00000000000052 1
0.03671875 0.999999999999805 1
0.0375 0.999999999999796 1
0.03828125 0.999999999999805 1
0.0390625 1.00000000000051 1
0.03984375 0.999999999999805 1
0.040625 0.999999999999805 1
0.04140625 0.999999999999796 1
0.0421875 0.999999999999805 1
0.04296875 1.00000000000051 1
0.04375 0.999999999999805 1
0.04453125 0.999999999999805 1
0.0453125 1.00000000000051 1
0.04609375 0.999999999999805 1
0.046875 0.999999999999796 1
0.04765625 1.00000000000052 1
0.0484375 0.999999999999805 1
0.04921875 0.999999999999796 1
0.05 0.500000000000258 0
0.05078125 0 0
0.0515625 0 0
0.05234375 0 0
0.053125 0 0
0.05390625 0 0
0.0546875 0 0
0.05546875 0 0
0.05625 0 0
0.05703125 0 0
0.0578125 0 0
0.05859375 0 0
0.059375 0 0
0.06015625 0 0
0.0609375 0 0
0.06171875 0 0
0.0625 0 0
0.06328125 0 0
0.0640625 0 0
0.06484375 0 0
0.065625 0 0
0.06640625 0 0
0.0671875 0 0
0.06796875 0 0
0.06875 0 0
0.06953125 0 0
0.0703125 0 0
0.07109375 0 0
0.071875 0 0
0.07265625 0 0
0.0734375 0 0
0.07421875 0 0
0.075 0 0
0.07578125 0 0
0.0765625 0 0
0.07734375 0 0
0.078125 0 0
0.07890625 0 0
0.0796875 -1.77635683940029e-13 0
0.08046875 1.77635683940023e-13 0
0.08125 0 0
0.08203125 0 0
0.0828125 0 0
0.08359375 -1.77635683940029e-13 0
0.084375 1.77635683940023e-13 0
0.08515625 0 0
0.0859375 0 0
0.08671875 0 0
0.0875 0 0
0.08828125 0 0
0.0890625 0 0
0.08984375 -1.77635683940023e-13 0
0.090625 0 0
0.09140625 0 0
0.0921875 0 0
0.09296875 8.88178419700144e-14 0
0.09375 0 0
0.09453125 -8.88178419700113e-14 0
0.0953125 4.44089209850072e-14 0
0.09609375 0 0
0.096875 4.44089209850072e-14 0
0.09765625 -4.44089209850056e-14 0
0.0984375 1.77635683940023e-14 0
0.09921875 0 0
