0 0.00500000000000004
0.0001953125 0.00499998092651371
0.000390625 0.00499992370605473
0.0005859375 0.00499982833862309
0.00078125 0.00499969482421879
0.0009765625 0.00499952316284184
0.001171875 0.00499931335449223
0.0013671875 0.00499906539916996
0.0015625 0.00499877929687504
0.0017578125 0.00499845504760746
0.001953125 0.00499809265136723
0.0021484375 0.00499769210815434
0.00234375 0.00499725341796879
0.0025390625 0.00499677658081059
0.002734375 0.00499626159667973
0.0029296875 0.00499570846557621
0.003125 0.00499511718750004
0.0033203125 0.00499448776245121
0.003515625 0.00499382019042973
0.0037109375 0.00499311447143559
0.00390625 0.00499237060546879
0.0041015625 0.00499158859252934
0.004296875 0.00499076843261723
0.0044921875 0.00498991012573246
0.0046875 0.00498901367187504
0.0048828125 0.00498807907104496
0.005078125 0.00498710632324223
0.0052734375 0.00498609542846684
0.00546875 0.00498504638671879
0.0056640625 0.00498395919799809
0.005859375 0.00498283386230473
0.0060546875 0.00498167037963871
0.00625 0.00498046875000004
0.0064453125 0.00497922897338871
0.006640625 0.00497795104980473
0.0068359375 0.00497663497924809
0.00703125 0.00497528076171879
0.0072265625 0.00497388839721684
0.007421875 0.00497245788574223
0.0076171875 0.00497098922729496
0.0078125 0.00496948242187504
0.0080078125 0.00496793746948246
0.008203125 0.00496635437011723
0.0083984375 0.00496473312377933
0.00859375 0.00496307373046879
0.0087890625 0.00496137619018558
0.008984375 0.00495964050292973
0.0091796875 0.00495786666870121
0.009375 0.00495605468750004
0.0095703125 0.00495420455932621
0.009765625 0.00495231628417972
0.0099609375 0.00495038986206058
0.01015625 0.00494842529296879
0.0103515625 0.00494642257690433
0.010546875 0.00494438171386723
0.0107421875 0.00494230270385746
0.0109375 0.00494018554687504
0.0111328125 0.00493803024291996
0.011328125 0.00493583679199223
0.0115234375 0.00493360519409183
0.01171875 0.00493133544921879
0.0119140625 0.00492902755737308
0.012109375 0.00492668151855472
0.0123046875 0.00492429733276371
0.0125 0.00492187500000004
0.0126953125 0.00491941452026371
0.012890625 0.00491691589355473
0.0130859375 0.00491437911987308
0.01328125 0.00491180419921879
0.0134765625 0.00490919113159183
0.013671875 0.00490653991699222
0.0138671875 0.00490385055541996
0.0140625 0.00490112304687504
0.0142578125 0.00489835739135746
0.014453125 0.00489555358886722
0.0146484375 0.00489271163940433
0.01484375 0.00488983154296879
0.0150390625 0.00488691329956058
0.015234375 0.00488395690917972
0.0154296875 0.00488096237182621
0.015625 0.00487792968750004
0.0158203125 0.00487485885620121
0.016015625 0.00487174987792973
0.0162109375 0.00486860275268558
0.01640625 0.00486541748046879
0.0166015625 0.00486219406127933
0.016796875 0.00485893249511722
0.0169921875 0.00485563278198246
0.0171875 0.00485229492187504
0.0173828125 0.00484891891479496
0.017578125 0.00484550476074222
0.0177734375 0.00484205245971683
0.01796875 0.00483856201171879
0.0181640625 0.00483503341674808
0.018359375 0.00483146667480472
0.0185546875 0.00482786178588871
0.01875 0.00482421875000004
0.0189453125 0.00482053756713871
0.019140625 0.00481681823730472
0.0193359375 0.00481306076049808
0.01953125 0.00480926513671879
0.0197265625 0.00480543136596683
0.019921875 0.00480155944824222
0.0201171875 0.00479764938354496
0.0203125 0.00479370117187504
0.0205078125 0.00478971481323246
0.020703125 0.00478569030761723
0.0208984375 0.00478162765502933
0.02109375 0.00477752685546879
0.0212890625 0.00477338790893558
0.021484375 0.00476921081542972
0.0216796875 0.00476499557495121
0.021875 0.00476074218750004
0.0220703125 0.00475645065307621
0.022265625 0.00475212097167972
0.0224609375 0.00474775314331058
0.02265625 0.00474334716796879
0.0228515625 0.00473890304565433
0.023046875 0.00473442077636723
0.0232421875 0.00472990036010746
0.0234375 0.00472534179687504
0.0236328125 0.00472074508666996
0.023828125 0.00471611022949222
0.0240234375 0.00471143722534183
0.02421875 0.00470672607421879
0.0244140625 0.00470197677612308
0.024609375 0.00469718933105472
0.0248046875 0.00469236373901371
0.025 0.00468750000000004
0.0251953125 0.00468259811401371
0.025390625 0.00467765808105472
0.0255859375 0.00467267990112308
0.02578125 0.00466766357421879
0.0259765625 0.00466260910034183
0.026171875 0.00465751647949223
0.0263671875 0.00465238571166996
0.0265625 0.00464721679687504
0.0267578125 0.00464200973510746
0.026953125 0.00463676452636722
0.0271484375 0.00463148117065433
0.02734375 0.00462615966796879
0.0275390625 0.00462080001831058
0.027734375 0.00461540222167973
0.0279296875 0.00460996627807621
0.028125 0.00460449218750004
0.0283203125 0.00459897994995121
0.028515625 0.00459342956542973
0.0287109375 0.00458784103393558
0.02890625 0.00458221435546879
0.0291015625 0.00457654953002933
0.029296875 0.00457084655761722
0.0294921875 0.00456510543823246
0.0296875 0.00455932617187504
0.0298828125 0.00455350875854496
0.030078125 0.00454765319824223
0.0302734375 0.00454175949096683
0.03046875 0.00453582763671879
0.0306640625 0.00452985763549808
0.030859375 0.00452384948730473
0.0310546875 0.00451780319213871
0.03125 0.00451171875000004
0.0314453125 0.00450559616088871
0.031640625 0.00449943542480472
0.0318359375 0.00449323654174808
0.03203125 0.00448699951171879
0.0322265625 0.00448072433471683
0.032421875 0.00447441101074223
0.0326171875 0.00446805953979496
0.0328125 0.00446166992187504
0.0330078125 0.00445524215698246
0.033203125 0.00444877624511722
0.0333984375 0.00444227218627933
0.03359375 0.00443572998046879
0.0337890625 0.00442914962768558
0.033984375 0.00442253112792972
0.0341796875 0.00441587448120121
0.034375 0.00440917968750004
0.0345703125 0.00440244674682621
0.034765625 0.00439567565917972
0.0349609375 0.00438886642456058
0.03515625 0.00438201904296879
0.0353515625 0.00437513351440433
0.035546875 0.00436820983886723
0.0357421875 0.00436124801635746
0.0359375 0.00435424804687504
0.0361328125 0.00434720993041996
0.036328125 0.00434013366699223
0.0365234375 0.00433301925659184
0.03671875 0.00432586669921879
0.0369140625 0.00431867599487309
0.037109375 0.00431144714355473
0.0373046875 0.00430418014526371
0.0375 0.00429687500000004
0.0376953125 0.00428953170776371
0.037890625 0.00428215026855472
0.0380859375 0.00427473068237308
0.03828125 0.00426727294921879
0.0384765625 0.00425977706909183
0.038671875 0.00425224304199222
0.0388671875 0.00424467086791996
0.0390625 0.00423706054687504
0.0392578125 0.00422941207885746
0.039453125 0.00422172546386722
0.0396484375 0.00421400070190433
0.03984375 0.00420623779296879
0.0400390625 0.00419843673706058
0.040234375 0.00419059753417972
0.0404296875 0.00418272018432621
0.040625 0.00417480468750004
0.0408203125 0.00416685104370121
0.041015625 0.00415885925292972
0.0412109375 0.00415082931518558
0.04140625 0.00414276123046878
0.0416015625 0.00413465499877933
0.041796875 0.00412651062011722
0.0419921875 0.00411832809448246
0.0421875 0.00411010742187503
0.0423828125 0.00410184860229496
0.042578125 0.00409355163574222
0.0427734375 0.00408521652221683
0.04296875 0.00407684326171878
0.0431640625 0.00406843185424808
0.043359375 0.00405998229980472
0.0435546875 0.00405149459838871
0.04375 0.00404296875000003
0.0439453125 0.0040344047546387
0.044140625 0.00402580261230472
0.0443359375 0.00401716232299808
0.04453125 0.00400848388671878
0.0447265625 0.00399976730346683
0.044921875 0.00399101257324222
0.0451171875 0.00398221969604495
0.0453125 0.00397338867187503
0.0455078125 0.00396451950073245
0.045703125 0.00395561218261722
0.0458984375 0.00394666671752933
0.04609375 0.00393768310546878
0.0462890625 0.00392866134643558
0.046484375 0.00391960144042972
0.0466796875 0.0039105033874512
0.046875 0.00390136718750003
0.0470703125 0.0038921928405762
0.047265625 0.00388298034667972
0.0474609375 0.00387372970581058
0.04765625 0.00386444091796878
0.0478515625 0.00385511398315433
0.048046875 0.00384574890136722
0.0482421875 0.00383634567260745
0.0484375 0.00382690429687503
0.0486328125 0.00381742477416995
0.048828125 0.00380790710449222
0.0490234375 0.00379835128784183
0.04921875 0.00378875732421878
0.0494140625 0.00377912521362308
0.049609375 0.00376945495605472
0.0498046875 0.0037597465515137
0.05 0.00375000000000003
0.0501953125 0.0037402153015137
0.050390625 0.00373039245605472
0.0505859375 0.00372053146362308
0.05078125 0.00371063232421878
0.0509765625 0.00370069503784183
0.051171875 0.00369071960449222
0.0513671875 0.00368070602416995
0.0515625 0.00367065429687503
0.0517578125 0.00366056442260745
0.051953125 0.00365043640136722
0.0521484375 0.00364027023315433
0.05234375 0.00363006591796878
0.0525390625 0.00361982345581058
0.052734375 0.00360954284667972
0.0529296875 0.0035992240905762
0.053125 0.00358886718750003
0.0533203125 0.0035784721374512
0.053515625 0.00356803894042972
0.0537109375 0.00355756759643558
0.05390625 0.00354705810546878
0.0541015625 0.00353651046752933
0.054296875 0.00352592468261722
0.0544921875 0.00351530075073245
0.0546875 0.00350463867187503
0.0548828125 0.00349393844604495
0.055078125 0.00348320007324222
0.0552734375 0.00347242355346683
0.05546875 0.00346160888671878
0.0556640625 0.00345075607299808
0.055859375 0.00343986511230472
0.0560546875 0.0034289360046387
0.05625 0.00341796875000003
0.0564453125 0.0034069633483887
0.056640625 0.00339591979980472
0.0568359375 0.00338483810424808
0.05703125 0.00337371826171878
0.0572265625 0.00336256027221683
0.057421875 0.00335136413574222
0.0576171875 0.00334012985229495
0.0578125 0.00332885742187503
0.0580078125 0.00331754684448245
0.058203125 0.00330619812011722
0.0583984375 0.00329481124877933
0.05859375 0.00328338623046878
0.0587890625 0.00327192306518558
0.058984375 0.00326042175292972
0.0591796875 0.0032488822937012
0.059375 0.00323730468750003
0.0595703125 0.0032256889343262
0.059765625 0.00321403503417972
0.0599609375 0.00320234298706058
0.06015625 0.00319061279296878
0.0603515625 0.00317884445190433
0.060546875 0.00316703796386722
0.0607421875 0.00315519332885745
0.0609375 0.00314331054687503
0.0611328125 0.00313138961791995
0.061328125 0.00311943054199222
0.0615234375 0.00310743331909183
0.06171875 0.00309539794921878
0.0619140625 0.00308332443237308
0.062109375 0.00307121276855472
0.0623046875 0.0030590629577637
0.0625 0.00304687500000003
0.0626953125 0.0030346488952637
0.062890625 0.00302238464355472
0.0630859375 0.00301008224487307
0.06328125 0.00299774169921878
0.0634765625 0.00298536300659182
0.063671875 0.00297294616699221
0.0638671875 0.00296049118041995
0.0640625 0.00294799804687503
0.0642578125 0.00293546676635745
0.064453125 0.00292289733886721
0.0646484375 0.00291028976440432
0.06484375 0.00289764404296878
0.0650390625 0.00288496017456057
0.065234375 0.00287223815917971
0.0654296875 0.0028594779968262
0.065625 0.00284667968750003
0.0658203125 0.0028338432312012
0.066015625 0.00282096862792971
0.0662109375 0.00280805587768557
0.06640625 0.00279510498046878
0.0666015625 0.00278211593627932
0.066796875 0.00276908874511721
0.0669921875 0.00275602340698245
0.0671875 0.00274291992187503
0.0673828125 0.00272977828979495
0.067578125 0.00271659851074221
0.0677734375 0.00270338058471682
0.06796875 0.00269012451171877
0.0681640625 0.00267683029174807
0.068359375 0.00266349792480471
0.0685546875 0.0026501274108887
0.06875 0.00263671875000002
0.0689453125 0.0026232719421387
0.069140625 0.00260978698730471
0.0693359375 0.00259626388549807
0.06953125 0.00258270263671877
0.0697265625 0.00256910324096682
0.069921875 0.00255546569824221
0.0701171875 0.00254179000854494
0.0703125 0.00252807617187502
0.0705078125 0.00251432418823244
0.070703125 0.00250053405761721
0.0708984375 0.00248670578002932
0.07109375 0.00247283935546877
0.0712890625 0.00245893478393557
0.071484375 0.00244499206542971
0.0716796875 0.00243101119995119
0.071875 0.00241699218750002
0.0720703125 0.00240293502807619
0.072265625 0.00238883972167971
0.0724609375 0.00237470626831057
0.07265625 0.00236053466796877
0.0728515625 0.00234632492065432
0.073046875 0.00233207702636721
0.0732421875 0.00231779098510744
0.0734375 0.00230346679687502
0.0736328125 0.00228910446166994
0.073828125 0.00227470397949221
0.0740234375 0.00226026535034182
0.07421875 0.00224578857421877
0.0744140625 0.00223127365112307
0.074609375 0.00221672058105471
0.0748046875 0.00220212936401369
0.075 0.00218750000000002
0.0751953125 0.00217283248901369
0.075390625 0.00215812683105471
0.0755859375 0.00214338302612307
0.07578125 0.00212860107421877
0.0759765625 0.00211378097534182
0.076171875 0.00209892272949221
0.0763671875 0.00208402633666994
0.0765625 0.00206909179687502
0.0767578125 0.00205411911010744
0.076953125 0.00203910827636721
0.0771484375 0.00202405929565431
0.07734375 0.00200897216796877
0.0775390625 0.00199384689331056
0.077734375 0.0019786834716797
0.0779296875 0.00196348190307619
0.078125 0.00194824218750002
0.0783203125 0.00193296432495119
0.078515625 0.0019176483154297
0.0787109375 0.00190229415893556
0.07890625 0.00188690185546877
0.0791015625 0.00187147140502931
0.079296875 0.0018560028076172
0.0794921875 0.00184049606323244
0.0796875 0.00182495117187502
0.0798828125 0.00180936813354494
0.080078125 0.0017937469482422
0.0802734375 0.00177808761596681
0.08046875 0.00176239013671877
0.0806640625 0.00174665451049806
0.080859375 0.0017308807373047
0.0810546875 0.00171506881713869
0.08125 0.00169921875000002
0.0814453125 0.00168333053588869
0.081640625 0.0016674041748047
0.0818359375 0.00165143966674806
0.08203125 0.00163543701171876
0.0822265625 0.00161939620971681
0.082421875 0.0016033172607422
0.0826171875 0.00158720016479494
0.0828125 0.00157104492187501
0.0830078125 0.00155485153198244
0.083203125 0.0015386199951172
0.0833984375 0.00152235031127931
0.08359375 0.00150604248046876
0.0837890625 0.00148969650268556
0.083984375 0.0014733123779297
0.0841796875 0.00145689010620119
0.084375 0.00144042968750001
0.0845703125 0.00142393112182618
0.084765625 0.0014073944091797
0.0849609375 0.00139081954956056
0.08515625 0.00137420654296876
0.0853515625 0.00135755538940431
0.085546875 0.0013408660888672
0.0857421875 0.00132413864135743
0.0859375 0.00130737304687501
0.0861328125 0.00129056930541993
0.086328125 0.0012737274169922
0.0865234375 0.00125684738159181
0.08671875 0.00123992919921876
0.0869140625 0.00122297286987306
0.087109375 0.0012059783935547
0.0873046875 0.00118894577026368
0.0875 0.00117187500000001
0.0876953125 0.00115476608276368
0.087890625 0.0011376190185547
0.0880859375 0.00112043380737306
0.08828125 0.00110321044921876
0.0884765625 0.00108594894409181
0.088671875 0.0010686492919922
0.0888671875 0.00105131149291993
0.0890625 0.00103393554687501
0.0892578125 0.00101652145385743
0.089453125 0.000999069213867197
0.0896484375 0.000981578826904306
0.08984375 0.000964050292968759
0.0900390625 0.000946483612060556
0.090234375 0.000928878784179696
0.0904296875 0.00091123580932618
0.090625 0.000893554687500008
0.0908203125 0.00087583541870118
0.091015625 0.000858078002929696
0.0912109375 0.000840282440185555
0.09140625 0.000822448730468758
0.0916015625 0.000804576873779304
0.091796875 0.000786666870117195
0.0919921875 0.000768718719482429
0.0921875 0.000750732421875007
0.0923828125 0.000732707977294929
0.092578125 0.000714645385742194
0.0927734375 0.000696544647216803
0.09296875 0.000678405761718756
0.0931640625 0.000660228729248053
0.093359375 0.000642013549804693
0.0935546875 0.000623760223388678
0.09375 0.000605468750000006
0.0939453125 0.000587139129638677
0.094140625 0.000568771362304693
0.0943359375 0.000550365447998052
0.09453125 0.000531921386718755
0.0947265625 0.000513439178466801
0.094921875 0.000494918823242192
0.0951171875 0.000476360321044926
0.0953125 0.000457763671875004
0.0955078125 0.000439128875732426
0.095703125 0.000420455932617191
0.0958984375 0.0004017448425293
0.09609375 0.000382995605468753
0.0962890625 0.00036420822143555
0.096484375 0.000345382690429691
0.0966796875 0.000326519012451175
0.096875 0.000307617187500003
0.0970703125 0.000288677215576174
0.097265625 0.00026969909667969
0.0974609375 0.000250682830810549
0.09765625 0.000231628417968752
0.0978515625 0.000212535858154299
0.098046875 0.000193405151367189
0.0982421875 0.000174236297607423
0.0984375 0.000155029296875001
0.0986328125 0.000135784149169923
0.098828125 0.000116500854492189
0.0990234375 9.71794128417977e-05
0.09921875 7.78198242187507e-05
0.0994140625 5.84220886230474e-05
0.099609375 3.89862060546879e-05
0.0998046875 1.95121765136721e-05
0.1 0
