9.765625e-05 9.76562500021316e-05 9.76562500021316e-05
0.00029296875 0.000292968750001954 0.000292968750001954
0.00048828125 0.000488281249997335 0.000488281249997335
0.00068359375 0.000683593749997158 0.000683593749997158
0.00087890625 0.000878906250001421 0.000878906250001421
0.00107421875 0.0010742187499968 0.0010742187499968
0.00126953125 0.00126953125000107 0.00126953125000107
0.00146484375 0.00146484374999645 0.00146484374999645
0.00166015625 0.00166015625000071 0.00166015625000071
0.00185546875 0.00185546875000053 0.00185546875000053
0.00205078125 0.00205078125000036 0.00205078125000036
0.00224609375 0.00224609375000018 0.00224609375000018
0.00244140625 0.00244140625 0.00244140625
0.00263671875 0.00263671874999982 0.00263671874999982
0.00283203125 0.00283203124999964 0.00283203124999964
0.00302734375 0.00302734374999947 0.00302734374999947
0.00322265625 0.00322265624999929 0.00322265624999929
0.00341796875 0.00341796875000355 0.00341796875000355
0.00361328125 0.00361328125000338 0.00361328125000338
0.00380859375 0.00380859374999876 0.00380859374999876
0.00400390625 0.00400390624999858 0.00400390624999858
0.00419921875 0.00419921875000284 0.00419921875000284
0.00439453125 0.00439453125000266 0.00439453125000266
0.00458984375 0.00458984374999805 0.00458984374999805
0.00478515625 0.00478515625000231 0.00478515625000231
0.00498046875 0.00498046875000213 0.00498046875000213
0.00517578125 0.00517578125000195 0.00517578125000195
0.00537109375 0.00537109374999734 0.00537109374999734
0.00556640625 0.0055664062500016 0.0055664062500016
0.00576171875 0.00576171875000142 0.00576171875000142
0.00595703125 0.00595703125000124 0.00595703125000124
0.00615234375 0.00615234375000107 0.00615234375000107
0.00634765625 0.00634765625000089 0.00634765625000089
0.00654296875 0.00654296875000071 0.00654296875000071
0.00673828125 0.00673828125000053 0.00673828125000053
0.00693359375 0.00693359375000036 0.00693359375000036
0.00712890625 0.00712890625000018 0.00712890625000018
0.00732421875 0.00732421875 0.00732421875
0.00751953125 0.00751953124999982 0.00751953124999982
0.00771484375 0.00771484374999964 0.00771484374999964
0.00791015625 0.00791015624999947 0.00791015624999947
0.00810546875 0.00810546874999929 0.00810546874999929
0.00830078125 0.00830078125000355 0.00830078125000355
0.00849609375 0.00849609375000338 0.00849609375000338
0.00869140625 0.00869140624999876 0.00869140624999876
0.00888671875 0.00888671874999858 0.00888671874999858
0.00908203125 0.00908203125000284 0.00908203125000284
0.00927734375 0.00927734375000266 0.00927734375000266
0.00947265625 0.00947265624999805 0.00947265624999805
0.00966796875 0.00966796874999787 0.00966796874999787
0.00986328125 0.00986328125000213 0.00986328125000213
0.01005859375 0.010058593750002 0.010058593750002
0.01025390625 0.0102539062499973 0.0102539062499973
0.01044921875 0.0104492187499972 0.0104492187499972
0.01064453125 0.0106445312500014 0.0106445312500014
0.01083984375 0.0108398437499968 0.0108398437499968
0.01103515625 0.0110351562500011 0.0110351562500011
0.01123046875 0.0112304687500009 0.0112304687500009
0.01142578125 0.0114257812500007 0.0114257812500007
0.01162109375 0.0116210937500005 0.0116210937500005
0.01181640625 0.0118164062500004 0.0118164062500004
0.01201171875 0.0120117187500002 0.0120117187500002
0.01220703125 0.01220703125 0.01220703125
0.01240234375 0.0124023437499998 0.0124023437499998
0.01259765625 0.0125976562499996 0.0125976562499996
0.01279296875 0.0127929687499995 0.0127929687499995
0.01298828125 0.0129882812499993 0.0129882812499993
0.01318359375 0.0131835937499991 0.0131835937499991
0.01337890625 0.0133789062500034 0.0133789062500034
0.01357421875 0.0135742187499988 0.0135742187499988
0.01376953125 0.0137695312499986 0.0137695312499986
0.01396484375 0.0139648437500028 0.0139648437500028
0.01416015625 0.0141601562500027 0.0141601562500027
0.01435546875 0.014355468749998 0.014355468749998
0.01455078125 0.0145507812499979 0.0145507812499979
0.01474609375 0.0147460937500021 0.0147460937500021
0.01494140625 0.014941406250002 0.014941406250002
0.01513671875 0.0151367187499973 0.0151367187499973
0.01533203125 0.0153320312499972 0.0153320312499972
0.01552734375 0.0155273437500014 0.0155273437500014
0.01572265625 0.0157226562499968 0.0157226562499968
0.01591796875 0.0159179687500011 0.0159179687500011
0.01611328125 0.0161132812500009 0.0161132812500009
0.01630859375 0.0163085937500007 0.0163085937500007
0.01650390625 0.0165039062500005 0.0165039062500005
0.01669921875 0.0166992187500004 0.0166992187500004
0.01689453125 0.0168945312500002 0.0168945312500002
0.01708984375 0.01708984375 0.01708984375
0.01728515625 0.0172851562499998 0.0172851562499998
0.01748046875 0.0174804687499996 0.0174804687499996
0.01767578125 0.0176757812499995 0.0176757812499995
0.01787109375 0.0178710937499993 0.0178710937499993
0.01806640625 0.0180664062499991 0.0180664062499991
0.01826171875 0.0182617187500034 0.0182617187500034
0.01845703125 0.0184570312499988 0.0184570312499988
0.01865234375 0.0186523437499986 0.0186523437499986
0.01884765625 0.0188476562500028 0.0188476562500028
0.01904296875 0.0190429687500027 0.0190429687500027
0.01923828125 0.019238281249998 0.019238281249998
0.01943359375 0.0194335937499979 0.0194335937499979
0.01962890625 0.0196289062500021 0.0196289062500021
0.01982421875 0.019824218750002 0.019824218750002
0.02001953125 0.0200195312499973 0.0200195312499973
0.02021484375 0.0202148437499972 0.0202148437499972
0.02041015625 0.0204101562500014 0.0204101562500014
0.02060546875 0.0206054687499968 0.0206054687499968
0.02080078125 0.0208007812500011 0.0208007812500011
0.02099609375 0.0209960937500009 0.0209960937500009
0.02119140625 0.0211914062500007 0.0211914062500007
0.02138671875 0.0213867187500005 0.0213867187500005
0.02158203125 0.0215820312500004 0.0215820312500004
0.02177734375 0.0217773437500002 0.0217773437500002
0.02197265625 0.02197265625 0.02197265625
0.02216796875 0.0221679687499998 0.0221679687499998
0.02236328125 0.0223632812499996 0.0223632812499996
0.02255859375 0.0225585937499995 0.0225585937499995
0.02275390625 0.0227539062499993 0.0227539062499993
0.02294921875 0.0229492187499991 0.0229492187499991
0.02314453125 0.0231445312500034 0.0231445312500034
0.02333984375 0.0233398437499988 0.0233398437499988
0.02353515625 0.0235351562499986 0.0235351562499986
0.02373046875 0.0237304687500028 0.0237304687500028
0.02392578125 0.0239257812500027 0.0239257812500027
0.02412109375 0.024121093749998 0.024121093749998
0.02431640625 0.0243164062499979 0.0243164062499979
0.02451171875 0.0245117187500021 0.0245117187500021
0.02470703125 0.024707031250002 0.024707031250002
0.02490234375 0.0249023437499973 0.0249023437499973
0.02509765625 0.0250976562499972 0.0250976562499972
0.02529296875 0.0252929687500014 0.0252929687500014
0.02548828125 0.0254882812499968 0.0254882812499968
0.02568359375 0.0256835937500011 0.0256835937500011
0.02587890625 0.0258789062500009 0.0258789062500009
0.02607421875 0.0260742187500007 0.0260742187500007
0.02626953125 0.0262695312500005 0.0262695312500005
0.02646484375 0.0264648437500004 0.0264648437500004
0.02666015625 0.0266601562500002 0.0266601562500002
0.02685546875 0.02685546875 0.02685546875
0.02705078125 0.0270507812499998 0.0270507812499998
0.02724609375 0.0272460937499996 0.0272460937499996
0.02744140625 0.0274414062499995 0.0274414062499995
0.02763671875 0.0276367187499993 0.0276367187499993
0.02783203125 0.0278320312499991 0.0278320312499991
0.02802734375 0.0280273437500034 0.0280273437500034
0.02822265625 0.0282226562499988 0.0282226562499988
0.02841796875 0.0284179687499986 0.0284179687499986
0.02861328125 0.0286132812500028 0.0286132812500028
0.02880859375 0.0288085937500027 0.0288085937500027
0.02900390625 0.029003906249998 0.029003906249998
0.02919921875 0.0291992187499979 0.0291992187499979
0.02939453125 0.0293945312500021 0.0293945312500021
0.02958984375 0.029589843750002 0.029589843750002
0.02978515625 0.0297851562499973 0.0297851562499973
0.02998046875 0.0299804687499972 0.0299804687499972
0.03017578125 0.0301757812500014 0.0301757812500014
0.03037109375 0.0303710937499968 0.0303710937499968
0.03056640625 0.0305664062500011 0.0305664062500011
0.03076171875 0.0307617187500009 0.0307617187500009
0.03095703125 0.0309570312500007 0.0309570312500007
0.03115234375 0.0311523437500005 0.0311523437500005
0.03134765625 0.0313476562500004 0.0313476562500004
0.03154296875 0.0315429687500002 0.0315429687500002
0.03173828125 0.03173828125 0.03173828125
0.03193359375 0.0319335937499998 0.0319335937499998
0.03212890625 0.0321289062499996 0.0321289062499996
0.03232421875 0.0323242187499995 0.0323242187499995
0.03251953125 0.0325195312499993 0.0325195312499993
0.03271484375 0.0327148437499991 0.0327148437499991
0.03291015625 0.0329101562500034 0.0329101562500034
0.03310546875 0.0331054687499988 0.0331054687499988
0.03330078125 0.0333007812499986 0.0333007812499986
0.03349609375 0.0334960937500028 0.0334960937500028
0.03369140625 0.0336914062500027 0.0336914062500027
0.03388671875 0.033886718749998 0.033886718749998
0.03408203125 0.0340820312499979 0.0340820312499979
0.03427734375 0.0342773437500021 0.0342773437500021
0.03447265625 0.034472656250002 0.034472656250002
0.03466796875 0.0346679687499973 0.0346679687499973
0.03486328125 0.0348632812499972 0.0348632812499972
0.03505859375 0.0350585937500014 0.0350585937500014
0.03525390625 0.0352539062499968 0.0352539062499968
0.03544921875 0.0354492187500011 0.0354492187500011
0.03564453125 0.0356445312499964 0.0356445312499964
0.03583984375 0.0358398437500007 0.0358398437500007
0.03603515625 0.0360351562500005 0.0360351562500005
0.03623046875 0.0362304687500004 0.0362304687500004
0.03642578125 0.0364257812500002 0.0364257812500002
0.03662109375 0.03662109375 0.03662109375
0.03681640625 0.0368164062499998 0.0368164062499998
0.03701171875 0.0370117187499996 0.0370117187499996
0.03720703125 0.0372070312499995 0.0372070312499995
0.03740234375 0.0374023437499993 0.0374023437499993
0.03759765625 0.0375976562500036 0.0375976562500036
0.03779296875 0.0377929687500034 0.0377929687500034
0.03798828125 0.0379882812499988 0.0379882812499988
0.03818359375 0.0381835937499986 0.0381835937499986
0.03837890625 0.0383789062500028 0.0383789062500028
0.03857421875 0.0385742187500027 0.0385742187500027
0.03876953125 0.038769531249998 0.038769531249998
0.03896484375 0.0389648437500023 0.0389648437500023
0.03916015625 0.0391601562500021 0.0391601562500021
0.03935546875 0.039355468750002 0.039355468750002
0.03955078125 0.0395507812499973 0.0395507812499973
0.03974609375 0.0397460937500016 0.0397460937500016
0.03994140625 0.0399414062500014 0.0399414062500014
0.04013671875 0.0401367187500012 0.0401367187500012
0.04033203125 0.0403320312500011 0.0403320312500011
0.04052734375 0.0405273437500009 0.0405273437500009
0.04072265625 0.0407226562500007 0.0407226562500007
0.04091796875 0.0409179687500005 0.0409179687500005
0.04111328125 0.0411132812500004 0.0411132812500004
0.04130859375 0.0413085937500002 0.0413085937500002
0.04150390625 0.04150390625 0.04150390625
0.04169921875 0.0416992187499998 0.0416992187499998
0.04189453125 0.0418945312499996 0.0418945312499996
0.04208984375 0.0420898437499995 0.0420898437499995
0.04228515625 0.0422851562499993 0.0422851562499993
0.04248046875 0.0424804687500036 0.0424804687500036
0.04267578125 0.0426757812500034 0.0426757812500034
0.04287109375 0.0428710937499988 0.0428710937499988
0.04306640625 0.0430664062499986 0.0430664062499986
0.04326171875 0.0432617187500028 0.0432617187500028
0.04345703125 0.0434570312500027 0.0434570312500027
0.04365234375 0.043652343749998 0.043652343749998
0.04384765625 0.0438476562500023 0.0438476562500023
0.04404296875 0.0440429687500021 0.0440429687500021
0.04423828125 0.044238281250002 0.044238281250002
0.04443359375 0.0444335937499973 0.0444335937499973
0.04462890625 0.0446289062500016 0.0446289062500016
0.04482421875 0.0448242187500014 0.0448242187500014
0.04501953125 0.0450195312500012 0.0450195312500012
0.04521484375 0.0452148437500011 0.0452148437500011
0.04541015625 0.0454101562500009 0.0454101562500009
0.04560546875 0.0456054687500007 0.0456054687500007
0.04580078125 0.0458007812500005 0.0458007812500005
0.04599609375 0.0459960937500004 0.0459960937500004
0.04619140625 0.0461914062500002 0.0461914062500002
0.04638671875 0.04638671875 0.04638671875
0.04658203125 0.0465820312499998 0.0465820312499998
0.04677734375 0.0467773437500019 0.0467773437500019
0.04697265625 0.0469726562499995 0.0469726562499995
0.04716796875 0.0471679687499993 0.0471679687499993
0.04736328125 0.0473632812499991 0.0473632812499991
0.04755859375 0.0475585937500012 0.0475585937500012
0.04775390625 0.0477539062499988 0.0477539062499988
0.04794921875 0.0479492187500008 0.0479492187500008
0.04814453125 0.0481445312500006 0.0481445312500006
0.04833984375 0.0483398437499982 0.0483398437499982
0.04853515625 0.0485351562500025 0.0485351562500025
0.04873046875 0.0487304687500001 0.0487304687500001
0.04892578125 0.0489257812499999 0.0489257812499999
0.04912109375 0.0491210937499975 0.0491210937499975
0.04931640625 0.0493164062500018 0.0493164062500018
0.04951171875 0.0495117187499994 0.0495117187499994
0.04970703125 0.0497070312500014 0.0497070312500014
0.04990234375 0.049902343749999 0.049902343749999
0.05009765625 0.0500976562499988 0.0500976562499988
0.05029296875 0.0502929687500009 0.0502929687500009
0.05048828125 0.0504882812500007 0.0504882812500007
0.05068359375 0.0506835937499983 0.0506835937499983
0.05087890625 0.0508789062500004 0.0508789062500004
0.05107421875 0.0510742187500002 0.0510742187500002
0.05126953125 0.05126953125 0.05126953125
0.05146484375 0.0514648437499998 0.0514648437499998
0.05166015625 0.0516601562500019 0.0516601562500019
0.05185546875 0.0518554687499995 0.0518554687499995
0.05205078125 0.0520507812499993 0.0520507812499993
0.05224609375 0.0522460937499991 0.0522460937499991
0.05244140625 0.0524414062500012 0.0524414062500012
0.05263671875 0.0526367187499988 0.0526367187499988
0.05283203125 0.0528320312500008 0.0528320312500008
0.05302734375 0.0530273437500006 0.0530273437500006
0.05322265625 0.0532226562499982 0.0532226562499982
0.05341796875 0.0534179687500025 0.0534179687500025
0.05361328125 0.0536132812499979 0.0536132812499979
0.05380859375 0.0538085937499977 0.0538085937499977
0.05400390625 0.054003906250002 0.054003906250002
0.05419921875 0.0541992187500018 0.0541992187500018
0.05439453125 0.0543945312499994 0.0543945312499994
0.05458984375 0.0545898437500014 0.0545898437500014
0.05478515625 0.054785156249999 0.054785156249999
0.05498046875 0.0549804687499988 0.0549804687499988
0.05517578125 0.0551757812500009 0.0551757812500009
0.05537109375 0.0553710937500007 0.0553710937500007
0.05556640625 0.0555664062499983 0.0555664062499983
0.05576171875 0.0557617187500004 0.0557617187500004
0.05595703125 0.0559570312500002 0.0559570312500002
0.05615234375 0.05615234375 0.05615234375
0.05634765625 0.0563476562499998 0.0563476562499998
0.05654296875 0.0565429687500019 0.0565429687500019
0.05673828125 0.0567382812499995 0.0567382812499995
0.05693359375 0.0569335937499993 0.0569335937499993
0.05712890625 0.0571289062499991 0.0571289062499991
0.05732421875 0.0573242187500012 0.0573242187500012
0.05751953125 0.0575195312499988 0.0575195312499988
0.05771484375 0.0577148437500008 0.0577148437500008
0.05791015625 0.0579101562500006 0.0579101562500006
0.05810546875 0.0581054687499982 0.0581054687499982
0.05830078125 0.0583007812500025 0.0583007812500025
0.05849609375 0.0584960937500001 0.0584960937500001
0.05869140625 0.0586914062500021 0.0586914062500021
0.05888671875 0.0588867187499997 0.0588867187499997
0.05908203125 0.0590820312499996 0.0590820312499996
0.05927734375 0.0592773437500016 0.0592773437500016
0.05947265625 0.0594726562500014 0.0594726562500014
0.05966796875 0.059667968749999 0.059667968749999
0.05986328125 0.0598632812500011 0.0598632812500011
0.06005859375 0.0600585937500009 0.0600585937500009
0.06025390625 0.0602539062500007 0.0602539062500007
0.06044921875 0.0604492187500005 0.0604492187500005
0.06064453125 0.0606445312500026 0.0606445312500026
0.06083984375 0.0608398437500024 0.0608398437500024
0.06103515625 0.06103515625 0.06103515625
0.06123046875 0.0612304687499998 0.0612304687499998
0.06142578125 0.0614257812499996 0.0614257812499996
0.06162109375 0.0616210937499995 0.0616210937499995
0.06181640625 0.0618164062500015 0.0618164062500015
0.06201171875 0.0620117187500013 0.0620117187500013
0.06220703125 0.0622070312499989 0.0622070312499989
0.06240234375 0.062402343750001 0.062402343750001
0.06259765625 0.0625976562500008 0.0625976562500008
0.06279296875 0.0627929687500006 0.0627929687500006
0.06298828125 0.0629882812500004 0.0629882812500004
0.06318359375 0.0631835937500003 0.0631835937500003
0.06337890625 0.0633789062500001 0.0633789062500001
0.06357421875 0.0635742187500021 0.0635742187500021
0.06376953125 0.063769531250002 0.063769531250002
0.06396484375 0.0639648437499996 0.0639648437499996
0.06416015625 0.0641601562500016 0.0641601562500016
0.06435546875 0.0643554687499992 0.0643554687499992
0.06455078125 0.0645507812500012 0.0645507812500012
0.06474609375 0.0647460937500011 0.0647460937500011
0.06494140625 0.0649414062500009 0.0649414062500009
0.06513671875 0.0651367187500007 0.0651367187500007
0.06533203125 0.0653320312500005 0.0653320312500005
0.06552734375 0.0655273437500004 0.0655273437500004
0.06572265625 0.0657226562500002 0.0657226562500002
0.06591796875 0.06591796875 0.06591796875
0.06611328125 0.0661132812499998 0.0661132812499998
0.06630859375 0.0663085937500019 0.0663085937500019
0.06650390625 0.0665039062500017 0.0665039062500017
0.06669921875 0.0666992187500015 0.0666992187500015
0.06689453125 0.0668945312500013 0.0668945312500013
0.06708984375 0.0670898437499989 0.0670898437499989
0.06728515625 0.067285156250001 0.067285156250001
0.06748046875 0.0674804687500008 0.0674804687500008
0.06767578125 0.0676757812500006 0.0676757812500006
0.06787109375 0.0678710937500004 0.0678710937500004
0.06806640625 0.0680664062500003 0.0680664062500003
0.06826171875 0.0682617187500001 0.0682617187500001
0.06845703125 0.0684570312500021 0.0684570312500021
0.06865234375 0.0686523437499997 0.0686523437499997
0.06884765625 0.0688476562500018 0.0688476562500018
0.06904296875 0.0690429687500016 0.0690429687500016
0.06923828125 0.0692382812499992 0.0692382812499992
0.06943359375 0.0694335937500012 0.0694335937500012
0.06962890625 0.0696289062500011 0.0696289062500011
0.06982421875 0.0698242187500009 0.0698242187500009
0.07001953125 0.0700195312500007 0.0700195312500007
0.07021484375 0.0702148437500005 0.0702148437500005
0.07041015625 0.0704101562500004 0.0704101562500004
0.07060546875 0.0706054687500002 0.0706054687500002
0.07080078125 0.07080078125 0.07080078125
0.07099609375 0.0709960937499998 0.0709960937499998
0.07119140625 0.0711914062500019 0.0711914062500019
0.07138671875 0.0713867187500017 0.0713867187500017
0.07158203125 0.0715820312500015 0.0715820312500015
0.07177734375 0.0717773437500013 0.0717773437500013
0.07197265625 0.0719726562499989 0.0719726562499989
0.07216796875 0.072167968750001 0.072167968750001
0.07236328125 0.0723632812500008 0.0723632812500008
0.07255859375 0.0725585937500006 0.0725585937500006
0.07275390625 0.0727539062500004 0.0727539062500004
0.07294921875 0.0729492187500003 0.0729492187500003
0.07314453125 0.0731445312500001 0.0731445312500001
0.07333984375 0.0733398437500021 0.0733398437500021
0.07353515625 0.0735351562499997 0.0735351562499997
0.07373046875 0.0737304687500018 0.0737304687500018
0.07392578125 0.0739257812500016 0.0739257812500016
0.07412109375 0.0741210937499992 0.0741210937499992
0.07431640625 0.0743164062500012 0.0743164062500012
0.07451171875 0.0745117187500011 0.0745117187500011
0.07470703125 0.0747070312500009 0.0747070312500009
0.07490234375 0.0749023437500007 0.0749023437500007
0.07509765625 0.0750976562500005 0.0750976562500005
0.07529296875 0.0752929687500004 0.0752929687500004
0.07548828125 0.0754882812500002 0.0754882812500002
0.07568359375 0.07568359375 0.07568359375
0.07587890625 0.0758789062499998 0.0758789062499998
0.07607421875 0.0760742187500019 0.0760742187500019
0.07626953125 0.0762695312500017 0.0762695312500017
0.07646484375 0.0764648437500015 0.0764648437500015
0.07666015625 0.0766601562500013 0.0766601562500013
0.07685546875 0.0768554687500012 0.0768554687500012
0.07705078125 0.077050781250001 0.077050781250001
0.07724609375 0.0772460937500008 0.0772460937500008
0.07744140625 0.0774414062500006 0.0774414062500006
0.07763671875 0.0776367187500004 0.0776367187500004
0.07783203125 0.0778320312500003 0.0778320312500003
0.07802734375 0.078027343749999 0.078027343749999
0.07822265625 0.0782226562499999 0.0782226562499999
0.07841796875 0.0784179687500008 0.0784179687500008
0.07861328125 0.0786132812500007 0.0786132812500007
0.07880859375 0.0788085937500005 0.0788085937500005
0.07900390625 0.0790039062500014 0.0790039062500014
0.07919921875 0.0791992187500001 0.0791992187500001
0.07939453125 0.07939453125 0.07939453125
0.07958984375 0.0795898437500009 0.0795898437500009
0.07978515625 0.0797851562500007 0.0797851562500007
0.07998046875 0.0799804687500016 0.0799804687500016
0.08017578125 0.0801757812500004 0.0801757812500004
0.08037109375 0.0803710937500013 0.0803710937500013
0.08056640625 0.08056640625 0.08056640625
0.08076171875 0.0807617187500009 0.0807617187500009
0.08095703125 0.0809570312499996 0.0809570312499996
0.08115234375 0.0811523437500006 0.0811523437500006
0.08134765625 0.0813476562500004 0.0813476562500004
0.08154296875 0.0815429687500002 0.0815429687500002
0.08173828125 0.0817382812500012 0.0817382812500012
0.08193359375 0.081933593750001 0.081933593750001
0.08212890625 0.0821289062500008 0.0821289062500008
0.08232421875 0.0823242187500006 0.0823242187500006
0.08251953125 0.0825195312500004 0.0825195312500004
0.08271484375 0.0827148437500003 0.0827148437500003
0.08291015625 0.0829101562500001 0.0829101562500001
0.08310546875 0.083105468750001 0.083105468750001
0.08330078125 0.0833007812500008 0.0833007812500008
0.08349609375 0.0834960937500007 0.0834960937500007
0.08369140625 0.0836914062500005 0.0836914062500005
0.08388671875 0.0838867187500014 0.0838867187500014
0.08408203125 0.0840820312500012 0.0840820312500012
0.08427734375 0.0842773437500011 0.0842773437500011
0.08447265625 0.0844726562500009 0.0844726562500009
0.08466796875 0.0846679687500007 0.0846679687500007
0.08486328125 0.0848632812500005 0.0848632812500005
0.08505859375 0.0850585937500004 0.0850585937500004
0.08525390625 0.0852539062500002 0.0852539062500002
0.08544921875 0.08544921875 0.08544921875
0.08564453125 0.0856445312499998 0.0856445312499998
0.08583984375 0.0858398437500008 0.0858398437500008
0.08603515625 0.0860351562500006 0.0860351562500006
0.08623046875 0.0862304687500004 0.0862304687500004
0.08642578125 0.0864257812500002 0.0864257812500002
0.08662109375 0.0866210937500012 0.0866210937500012
0.08681640625 0.086816406250001 0.086816406250001
0.08701171875 0.0870117187500008 0.0870117187500008
0.08720703125 0.0872070312500006 0.0872070312500006
0.08740234375 0.0874023437500016 0.0874023437500016
0.08759765625 0.0875976562500003 0.0875976562500003
0.08779296875 0.0877929687500012 0.0877929687500012
0.08798828125 0.0879882812499999 0.0879882812499999
0.08818359375 0.0881835937500008 0.0881835937500008
0.08837890625 0.0883789062500007 0.0883789062500007
0.08857421875 0.0885742187500016 0.0885742187500016
0.08876953125 0.0887695312500014 0.0887695312500014
0.08896484375 0.0889648437500012 0.0889648437500012
0.08916015625 0.0891601562500011 0.0891601562500011
0.08935546875 0.0893554687500009 0.0893554687500009
0.08955078125 0.0895507812500007 0.0895507812500007
0.08974609375 0.0897460937500011 0.0897460937500011
0.08994140625 0.0899414062500009 0.0899414062500009
0.09013671875 0.0901367187500013 0.0901367187500013
0.09033203125 0.0903320312500011 0.0903320312500011
0.09052734375 0.0905273437500004 0.0905273437500004
0.09072265625 0.0907226562500013 0.0907226562500013
0.09091796875 0.0909179687500006 0.0909179687500006
0.09111328125 0.091113281250001 0.091113281250001
0.09130859375 0.0913085937500008 0.0913085937500008
0.09150390625 0.0915039062500012 0.0915039062500012
0.09169921875 0.091699218750001 0.091699218750001
0.09189453125 0.0918945312500008 0.0918945312500008
0.09208984375 0.0920898437500012 0.0920898437500012
0.09228515625 0.092285156250001 0.092285156250001
0.09248046875 0.0924804687500008 0.0924804687500008
0.09267578125 0.0926757812500006 0.0926757812500006
0.09287109375 0.092871093750001 0.092871093750001
0.09306640625 0.0930664062500008 0.0930664062500008
0.09326171875 0.0932617187500012 0.0932617187500012
0.09345703125 0.0934570312500005 0.0934570312500005
0.09365234375 0.0936523437500009 0.0936523437500009
0.09384765625 0.0938476562500012 0.0938476562500012
0.09404296875 0.0940429687500011 0.0940429687500011
0.09423828125 0.0942382812500009 0.0942382812500009
0.09443359375 0.0944335937500007 0.0944335937500007
0.09462890625 0.0946289062500011 0.0946289062500011
0.09482421875 0.0948242187500009 0.0948242187500009
0.09501953125 0.095019531250001 0.095019531250001
0.09521484375 0.0952148437500008 0.0952148437500008
0.09541015625 0.0954101562500009 0.0954101562500009
0.09560546875 0.0956054687500008 0.0956054687500008
0.09580078125 0.0958007812500009 0.0958007812500009
0.09599609375 0.0959960937500007 0.0959960937500007
0.09619140625 0.0961914062500008 0.0961914062500008
0.09638671875 0.0963867187500009 0.0963867187500009
0.09658203125 0.0965820312500007 0.0965820312500007
0.09677734375 0.0967773437500008 0.0967773437500008
0.09697265625 0.0969726562500009 0.0969726562500009
0.09716796875 0.0971679687500007 0.0971679687500007
0.09736328125 0.0973632812500008 0.0973632812500008
0.09755859375 0.0975585937500009 0.0975585937500009
0.09775390625 0.097753906250001 0.097753906250001
0.09794921875 0.0979492187500008 0.0979492187500008
0.09814453125 0.0981445312500008 0.0981445312500008
0.09833984375 0.0983398437500009 0.0983398437500009
0.09853515625 0.0985351562500009 0.0985351562500009
0.09873046875 0.098730468750001 0.098730468750001
0.09892578125 0.0989257812500009 0.0989257812500009
0.09912109375 0.0991210937500009 0.0991210937500009
0.09931640625 0.0993164062500008 0.0993164062500008
0.09951171875 0.0995117187500009 0.0995117187500009
0.09970703125 0.0997070312500009 0.0997070312500009
0.09990234375 0.0999023437500009 0.0999023437500009
