0.0001953125 0.000195312499999822 0.000195312499999822
0.0005859375 0.000585937500001688 0.000585937500001688
0.0009765625 0.000976562499999112 0.000976562499999112
0.0013671875 0.00136718750000098 0.00136718750000098
0.0017578125 0.00175781250000062 0.00175781250000062
0.0021484375 0.00214843750000027 0.00214843750000027
0.0025390625 0.00253906249999991 0.00253906249999991
0.0029296875 0.00292968749999956 0.00292968749999956
0.0033203125 0.00332031250000142 0.00332031250000142
0.0037109375 0.00371093750000107 0.00371093750000107
0.0041015625 0.00410156250000071 0.00410156250000071
0.0044921875 0.00449218750000036 0.00449218750000036
0.0048828125 0.0048828125 0.0048828125
0.0052734375 0.00527343749999964 0.00527343749999964
0.0056640625 0.00566406250000151 0.00566406250000151
0.0060546875 0.00605468750000115 0.00605468750000115
0.0064453125 0.0064453125000008 0.0064453125000008
0.0068359375 0.00683593750000044 0.00683593750000044
0.0072265625 0.00722656250000009 0.00722656250000009
0.0076171875 0.00761718749999973 0.00761718749999973
0.0080078125 0.00800781249999938 0.00800781249999938
0.0083984375 0.00839843749999902 0.00839843749999902
0.0087890625 0.00878906250000089 0.00878906250000089
0.0091796875 0.00917968750000053 0.00917968750000053
0.0095703125 0.00957031250000018 0.00957031250000018
0.0099609375 0.00996093749999982 0.00996093749999982
0.0103515625 0.0103515625000017 0.0103515625000017
0.0107421875 0.0107421874999991 0.0107421874999991
0.0111328125 0.011132812500001 0.011132812500001
0.0115234375 0.0115234374999984 0.0115234374999984
0.0119140625 0.0119140625000003 0.0119140625000003
0.0123046875 0.0123046874999999 0.0123046874999999
0.0126953125 0.0126953125000018 0.0126953125000018
0.0130859375 0.0130859375000014 0.0130859375000014
0.0134765625 0.0134765625000011 0.0134765625000011
0.0138671875 0.0138671875000007 0.0138671875000007
0.0142578125 0.0142578125000004 0.0142578125000004
0.0146484375 0.0146484375 0.0146484375
0.0150390625 0.0150390624999996 0.0150390624999996
0.0154296875 0.0154296875000015 0.0154296875000015
0.0158203125 0.0158203125000012 0.0158203125000012
0.0162109375 0.0162109375000008 0.0162109375000008
0.0166015625 0.0166015625000004 0.0166015625000004
0.0169921875 0.0169921875000001 0.0169921875000001
0.0173828125 0.0173828124999997 0.0173828124999997
0.0177734375 0.0177734374999994 0.0177734374999994
0.0181640625 0.018164062499999 0.018164062499999
0.0185546875 0.0185546875000009 0.0185546875000009
0.0189453125 0.0189453125000005 0.0189453125000005
0.0193359375 0.0193359375000002 0.0193359375000002
0.0197265625 0.0197265624999998 0.0197265624999998
0.0201171875 0.0201171875000017 0.0201171875000017
0.0205078125 0.0205078124999991 0.0205078124999991
0.0208984375 0.020898437500001 0.020898437500001
0.0212890625 0.0212890625000006 0.0212890625000006
0.0216796875 0.0216796875000003 0.0216796875000003
0.0220703125 0.0220703124999999 0.0220703124999999
0.0224609375 0.0224609374999996 0.0224609374999996
0.0228515625 0.0228515625000014 0.0228515625000014
0.0232421875 0.0232421875000011 0.0232421875000011
0.0236328125 0.0236328125000007 0.0236328125000007
0.0240234375 0.0240234375000004 0.0240234375000004
0.0244140625 0.0244140625 0.0244140625
0.0248046875 0.0248046874999996 0.0248046874999996
0.0251953125 0.0251953124999993 0.0251953124999993
0.0255859375 0.0255859374999989 0.0255859374999989
0.0259765625 0.0259765624999986 0.0259765624999986
0.0263671875 0.0263671874999982 0.0263671874999982
0.0267578125 0.0267578125000001 0.0267578125000001
0.0271484375 0.0271484374999997 0.0271484374999997
0.0275390625 0.0275390624999994 0.0275390624999994
0.0279296875 0.027929687499999 0.027929687499999
0.0283203125 0.0283203125000009 0.0283203125000009
0.0287109375 0.0287109375000005 0.0287109375000005
0.0291015625 0.0291015625000002 0.0291015625000002
0.0294921875 0.0294921874999998 0.0294921874999998
0.0298828125 0.0298828125000017 0.0298828125000017
0.0302734375 0.0302734374999991 0.0302734374999991
0.0306640625 0.030664062500001 0.030664062500001
0.0310546875 0.0310546875000006 0.0310546875000006
0.0314453125 0.0314453125000003 0.0314453125000003
0.0318359375 0.0318359374999999 0.0318359374999999
0.0322265625 0.0322265624999996 0.0322265624999996
0.0326171875 0.0326171875000014 0.0326171875000014
0.0330078125 0.0330078125000011 0.0330078125000011
0.0333984375 0.0333984375000007 0.0333984375000007
0.0337890625 0.0337890625000004 0.0337890625000004
0.0341796875 0.0341796875 0.0341796875
0.0345703125 0.0345703124999996 0.0345703124999996
0.0349609375 0.0349609374999993 0.0349609374999993
0.0353515625 0.0353515624999989 0.0353515624999989
0.0357421875 0.0357421874999986 0.0357421874999986
0.0361328125 0.0361328124999982 0.0361328124999982
0.0365234375 0.0365234375000001 0.0365234375000001
0.0369140625 0.0369140624999997 0.0369140624999997
0.0373046875 0.0373046874999994 0.0373046874999994
0.0376953125 0.037695312499999 0.037695312499999
0.0380859375 0.0380859375000009 0.0380859375000009
0.0384765625 0.0384765625000005 0.0384765625000005
0.0388671875 0.0388671875000002 0.0388671875000002
0.0392578125 0.0392578124999998 0.0392578124999998
0.0396484375 0.0396484375000017 0.0396484375000017
0.0400390625 0.0400390624999991 0.0400390624999991
0.0404296875 0.040429687500001 0.040429687500001
0.0408203125 0.0408203125000006 0.0408203125000006
0.0412109375 0.0412109375000003 0.0412109375000003
0.0416015625 0.0416015624999999 0.0416015624999999
0.0419921875 0.0419921874999996 0.0419921874999996
0.0423828125 0.0423828125000014 0.0423828125000014
0.0427734375 0.0427734375000011 0.0427734375000011
0.0431640625 0.0431640625000007 0.0431640625000007
0.0435546875 0.0435546875000004 0.0435546875000004
0.0439453125 0.0439453125 0.0439453125
0.0443359375 0.0443359374999996 0.0443359374999996
0.0447265625 0.0447265624999993 0.0447265624999993
0.0451171875 0.0451171874999989 0.0451171874999989
0.0455078125 0.0455078125000008 0.0455078125000008
0.0458984375 0.0458984375000004 0.0458984375000004
0.0462890625 0.0462890625000001 0.0462890625000001
0.0466796875 0.0466796874999986 0.0466796874999986
0.0470703125 0.0470703124999994 0.0470703124999994
0.0474609375 0.0474609375000001 0.0474609375000001
0.0478515625 0.0478515624999998 0.0478515624999998
0.0482421875 0.0482421874999994 0.0482421874999994
0.0486328125 0.0486328125000002 0.0486328125000002
0.0490234375 0.0490234374999998 0.0490234374999998
0.0494140625 0.0494140624999995 0.0494140624999995
0.0498046875 0.0498046874999991 0.0498046874999991
0.0501953125 0.0501953124999999 0.0501953124999999
0.0505859375 0.0505859374999995 0.0505859374999995
0.0509765625 0.0509765624999992 0.0509765624999992
0.0513671875 0.0513671874999988 0.0513671874999988
0.0517578125 0.0517578124999996 0.0517578124999996
0.0521484375 0.0521484374999992 0.0521484374999992
0.0525390625 0.0525390625000011 0.0525390625000011
0.0529296875 0.0529296874999996 0.0529296874999996
0.0533203125 0.0533203125000004 0.0533203125000004
0.0537109375 0.0537109375 0.0537109375
0.0541015625 0.0541015624999996 0.0541015624999996
0.0544921875 0.0544921874999993 0.0544921874999993
0.0548828125 0.0548828124999989 0.0548828124999989
0.0552734375 0.0552734374999997 0.0552734374999997
0.0556640625 0.0556640625000004 0.0556640625000004
0.0560546875 0.0560546875000001 0.0560546875000001
0.0564453125 0.0564453124999986 0.0564453124999986
0.0568359375 0.0568359374999994 0.0568359374999994
0.0572265625 0.0572265625000001 0.0572265625000001
0.0576171875 0.0576171874999998 0.0576171874999998
0.0580078125 0.0580078124999994 0.0580078124999994
0.0583984375 0.0583984375000002 0.0583984375000002
0.0587890625 0.0587890624999998 0.0587890624999998
0.0591796875 0.0591796875000006 0.0591796875000006
0.0595703125 0.0595703125000002 0.0595703125000002
0.0599609375 0.0599609374999999 0.0599609374999999
0.0603515625 0.0603515624999995 0.0603515624999995
0.0607421875 0.0607421875000003 0.0607421875000003
0.0611328125 0.0611328124999999 0.0611328124999999
0.0615234375 0.0615234375000007 0.0615234375000007
0.0619140625 0.0619140624999992 0.0619140624999992
0.0623046875 0.0623046875 0.0623046875
0.0626953125 0.0626953125000007 0.0626953125000007
0.0630859375 0.0630859375000004 0.0630859375000004
0.0634765625 0.0634765625 0.0634765625
0.0638671875 0.0638671874999996 0.0638671874999996
0.0642578125 0.0642578125000004 0.0642578125000004
0.0646484375 0.0646484375 0.0646484375
0.0650390625 0.0650390624999997 0.0650390624999997
0.0654296875 0.0654296874999993 0.0654296874999993
0.0658203125 0.0658203125000001 0.0658203125000001
0.0662109375 0.0662109374999997 0.0662109374999997
0.0666015625 0.0666015624999994 0.0666015624999994
0.0669921875 0.0669921875000001 0.0669921875000001
0.0673828125 0.0673828124999998 0.0673828124999998
0.0677734375 0.0677734375000005 0.0677734375000005
0.0681640625 0.0681640625000002 0.0681640625000002
0.0685546875 0.0685546874999998 0.0685546874999998
0.0689453125 0.0689453125000006 0.0689453125000006
0.0693359375 0.0693359375000002 0.0693359375000002
0.0697265625 0.0697265624999999 0.0697265624999999
0.0701171875 0.0701171874999995 0.0701171874999995
0.0705078125 0.0705078125000003 0.0705078125000003
0.0708984375 0.0708984374999999 0.0708984374999999
0.0712890625 0.0712890624999996 0.0712890624999996
0.0716796875 0.0716796875000003 0.0716796875000003
0.0720703125 0.0720703125 0.0720703125
0.0724609375 0.0724609375000007 0.0724609375000007
0.0728515625 0.0728515625000004 0.0728515625000004
0.0732421875 0.0732421875 0.0732421875
0.0736328125 0.0736328125000008 0.0736328125000008
0.0740234375 0.0740234375000004 0.0740234375000004
0.0744140625 0.0744140625 0.0744140625
0.0748046875 0.0748046874999997 0.0748046874999997
0.0751953125 0.0751953125000004 0.0751953125000004
0.0755859375 0.0755859375000001 0.0755859375000001
0.0759765625 0.0759765625000008 0.0759765625000008
0.0763671875 0.0763671874999994 0.0763671874999994
0.0767578125 0.0767578125000001 0.0767578125000001
0.0771484375 0.0771484375000009 0.0771484375000009
0.0775390625 0.0775390625000005 0.0775390625000005
0.0779296875 0.0779296875000007 0.0779296875000007
0.0783203125 0.0783203124999998 0.0783203124999998
0.0787109375 0.0787109375 0.0787109375
0.0791015625 0.0791015625000002 0.0791015625000002
0.0794921875 0.0794921874999999 0.0794921874999999
0.0798828125 0.0798828125000001 0.0798828125000001
0.0802734375 0.0802734374999997 0.0802734374999997
0.0806640625 0.0806640625000005 0.0806640625000005
0.0810546875 0.0810546875000001 0.0810546875000001
0.0814453125 0.0814453125000003 0.0814453125000003
0.0818359375 0.0818359375 0.0818359375
0.0822265625 0.0822265625000002 0.0822265625000002
0.0826171875 0.0826171875000004 0.0826171875000004
0.0830078125 0.0830078125 0.0830078125
0.0833984375 0.0833984375000002 0.0833984375000002
0.0837890625 0.0837890625000004 0.0837890625000004
0.0841796875 0.0841796875 0.0841796875
0.0845703125 0.0845703125000002 0.0845703125000002
0.0849609375 0.0849609374999999 0.0849609374999999
0.0853515625 0.0853515625000001 0.0853515625000001
0.0857421875 0.0857421875000003 0.0857421875000003
0.0861328125 0.0861328124999999 0.0861328124999999
0.0865234375 0.0865234375000001 0.0865234375000001
0.0869140625 0.0869140625000003 0.0869140625000003
0.0873046875 0.0873046875000005 0.0873046875000005
0.0876953125 0.0876953125000002 0.0876953125000002
0.0880859375 0.0880859375000004 0.0880859375000004
0.0884765625 0.0884765625 0.0884765625
0.0888671875 0.0888671875000002 0.0888671875000002
0.0892578125 0.0892578125000004 0.0892578125000004
0.0896484375 0.0896484375000001 0.0896484375000001
0.0900390625 0.0900390625000003 0.0900390625000003
0.0904296875 0.0904296875000002 0.0904296875000002
0.0908203125 0.0908203125000004 0.0908203125000004
0.0912109375 0.0912109375000006 0.0912109375000006
0.0916015625 0.0916015625000002 0.0916015625000002
0.0919921875 0.0919921875000004 0.0919921875000004
0.0923828125 0.0923828125000004 0.0923828125000004
0.0927734375 0.0927734375000003 0.0927734375000003
0.0931640625 0.0931640625000002 0.0931640625000002
0.0935546875 0.0935546875000004 0.0935546875000004
0.0939453125 0.0939453125000003 0.0939453125000003
0.0943359375 0.0943359375000002 0.0943359375000002
0.0947265625 0.0947265625000002 0.0947265625000002
0.0951171875 0.0951171875000004 0.0951171875000004
0.0955078125 0.0955078125000003 0.0955078125000003
0.0958984375 0.0958984375000005 0.0958984375000005
0.0962890625 0.0962890625000003 0.0962890625000003
0.0966796875 0.0966796875000003 0.0966796875000003
0.0970703125 0.0970703125000004 0.0970703125000004
0.0974609375 0.0974609375000002 0.0974609375000002
0.0978515625 0.0978515625000003 0.0978515625000003
0.0982421875 0.0982421875000004 0.0982421875000004
0.0986328125 0.0986328125000004 0.0986328125000004
0.0990234375 0.0990234375000004 0.0990234375000004
0.0994140625 0.0994140625000004 0.0994140625000004
0.0998046875 0.0998046875000004 0.0998046875000004
