0.0015625 0.00156249999999997 0.00156249999999997
0.0046875 0.00468750000000018 0.00468750000000018
0.0078125 0.00781250000000011 0.00781250000000011
0.0109375 0.0109375 0.0109375
0.0140625 0.0140625 0.0140625
0.0171875 0.0171875000000002 0.0171875000000002
0.0203125 0.0203125000000001 0.0203125000000001
0.0234375 0.0234374999999998 0.0234374999999998
0.0265625 0.0265625 0.0265625
0.0296875 0.0296874999999999 0.0296874999999999
0.0328125 0.0328125000000001 0.0328125000000001
0.0359375 0.0359375000000001 0.0359375000000001
0.0390625 0.0390625 0.0390625
0.0421875 0.0421874999999999 0.0421874999999999
0.0453125 0.0453125 0.0453125
0.0484375 0.0484375000000001 0.0484375000000001
0.0515625 0.0515625000000001 0.0515625000000001
0.0546875 0.0546875000000001 0.0546875000000001
0.0578125 0.0578125 0.0578125
0.0609375 0.0609375 0.0609375
0.0640625 0.0640625 0.0640625
0.0671875 0.0671875000000001 0.0671875000000001
0.0703125 0.0703125 0.0703125
0.0734375 0.0734375 0.0734375
0.0765625 0.0765625 0.0765625
0.0796875 0.0796875 0.0796875
0.0828125 0.0828125 0.0828125
0.0859375 0.0859375 0.0859375
0.0890625 0.0890625 0.0890625
0.0921875 0.0921875000000001 0.0921875000000001
0.0953125 0.0953125 0.0953125
0.0984375 0.0984375000000001 0.0984375000000001
