0.000390625 0.000390624999999645 0.000390624999999645
0.001171875 0.00117187500000004 0.00117187500000004
0.001953125 0.00195312500000044 0.00195312500000044
0.002734375 0.00273437499999973 0.00273437499999973
0.003515625 0.00351562500000013 0.00351562500000013
0.004296875 0.00429687500000053 0.00429687500000053
0.005078125 0.00507812499999982 0.00507812499999982
0.005859375 0.00585937499999911 0.00585937499999911
0.006640625 0.00664062500000062 0.00664062500000062
0.007421875 0.00742187499999991 0.00742187499999991
0.008203125 0.0082031249999992 0.0082031249999992
0.008984375 0.0089843749999996 0.0089843749999996
0.009765625 0.009765625 0.009765625
0.010546875 0.0105468750000004 0.0105468750000004
0.011328125 0.0113281249999997 0.0113281249999997
0.012109375 0.0121093750000001 0.0121093750000001
0.012890625 0.0128906250000005 0.0128906250000005
0.013671875 0.0136718750000009 0.0136718750000009
0.014453125 0.0144531250000002 0.0144531250000002
0.015234375 0.0152343749999995 0.0152343749999995
0.016015625 0.0160156249999999 0.0160156249999999
0.016796875 0.0167968750000003 0.0167968750000003
0.017578125 0.0175781249999996 0.0175781249999996
0.018359375 0.018359375 0.018359375
0.019140625 0.0191406250000004 0.0191406250000004
0.019921875 0.0199218749999996 0.0199218749999996
0.020703125 0.020703125 0.020703125
0.021484375 0.0214843750000004 0.0214843750000004
0.022265625 0.0222656249999997 0.0222656249999997
0.023046875 0.0230468750000001 0.0230468750000001
0.023828125 0.0238281249999994 0.0238281249999994
0.024609375 0.0246093749999998 0.0246093749999998
0.025390625 0.0253906250000002 0.0253906250000002
0.026171875 0.0261718750000006 0.0261718750000006
0.026953125 0.0269531249999999 0.0269531249999999
0.027734375 0.0277343749999992 0.0277343749999992
0.028515625 0.0285156249999996 0.0285156249999996
0.029296875 0.029296875 0.029296875
0.030078125 0.0300781250000004 0.0300781250000004
0.030859375 0.0308593749999997 0.0308593749999997
0.031640625 0.0316406250000001 0.0316406250000001
0.032421875 0.0324218750000005 0.0324218750000005
0.033203125 0.0332031250000009 0.0332031250000009
0.033984375 0.0339843750000002 0.0339843750000002
0.034765625 0.0347656249999995 0.0347656249999995
0.035546875 0.0355468749999999 0.0355468749999999
0.036328125 0.0363281250000003 0.0363281250000003
0.037109375 0.0371093749999996 0.0371093749999996
0.037890625 0.037890625 0.037890625
0.038671875 0.0386718750000004 0.0386718750000004
0.039453125 0.0394531249999996 0.0394531249999996
0.040234375 0.040234375 0.040234375
0.041015625 0.0410156250000004 0.0410156250000004
0.041796875 0.0417968749999997 0.0417968749999997
0.042578125 0.0425781250000001 0.0425781250000001
0.043359375 0.0433593750000005 0.0433593750000005
0.044140625 0.0441406249999998 0.0441406249999998
0.044921875 0.0449218750000002 0.0449218750000002
0.045703125 0.0457031250000006 0.0457031250000006
0.046484375 0.0464843749999999 0.0464843749999999
0.047265625 0.0472656249999998 0.0472656249999998
0.048046875 0.0480468750000002 0.0480468750000002
0.048828125 0.048828125 0.048828125
0.049609375 0.0496093749999998 0.0496093749999998
0.050390625 0.0503906249999997 0.0503906249999997
0.051171875 0.0511718749999995 0.0511718749999995
0.051953125 0.0519531249999999 0.0519531249999999
0.052734375 0.0527343749999998 0.0527343749999998
0.053515625 0.0535156249999996 0.0535156249999996
0.054296875 0.054296875 0.054296875
0.055078125 0.0550781249999999 0.0550781249999999
0.055859375 0.0558593749999997 0.0558593749999997
0.056640625 0.0566406250000001 0.0566406250000001
0.057421875 0.057421875 0.057421875
0.058203125 0.0582031250000004 0.0582031250000004
0.058984375 0.0589843749999996 0.0589843749999996
0.059765625 0.059765625 0.059765625
0.060546875 0.0605468749999999 0.0605468749999999
0.061328125 0.0613281250000003 0.0613281250000003
0.062109375 0.0621093749999996 0.0621093749999996
0.062890625 0.062890625 0.062890625
0.063671875 0.0636718749999998 0.0636718749999998
0.064453125 0.0644531249999997 0.0644531249999997
0.065234375 0.0652343750000001 0.0652343750000001
0.066015625 0.0660156249999999 0.0660156249999999
0.066796875 0.0667968749999998 0.0667968749999998
0.067578125 0.0675781249999996 0.0675781249999996
0.068359375 0.068359375 0.068359375
0.069140625 0.0691406249999998 0.0691406249999998
0.069921875 0.0699218749999997 0.0699218749999997
0.070703125 0.0707031250000001 0.0707031250000001
0.071484375 0.0714843749999999 0.0714843749999999
0.072265625 0.0722656249999998 0.0722656249999998
0.073046875 0.0730468750000002 0.0730468750000002
0.073828125 0.0738281249999995 0.0738281249999995
0.074609375 0.0746093749999999 0.0746093749999999
0.075390625 0.0753906249999997 0.0753906249999997
0.076171875 0.0761718750000001 0.0761718750000001
0.076953125 0.076953125 0.076953125
0.077734375 0.0777343749999998 0.0777343749999998
0.078515625 0.0785156249999996 0.0785156249999996
0.079296875 0.0792968749999998 0.0792968749999998
0.080078125 0.0800781249999996 0.0800781249999996
0.080859375 0.0808593749999997 0.0808593749999997
0.081640625 0.0816406249999999 0.0816406249999999
0.082421875 0.0824218749999997 0.0824218749999997
0.083203125 0.0832031249999998 0.0832031249999998
0.083984375 0.0839843749999999 0.0839843749999999
0.084765625 0.0847656249999998 0.0847656249999998
0.085546875 0.0855468749999999 0.0855468749999999
0.086328125 0.0863281249999998 0.0863281249999998
0.087109375 0.0871093749999999 0.0871093749999999
0.087890625 0.0878906249999997 0.0878906249999997
0.088671875 0.0886718749999998 0.0886718749999998
0.089453125 0.0894531249999998 0.0894531249999998
0.090234375 0.0902343749999998 0.0902343749999998
0.091015625 0.0910156249999998 0.0910156249999998
0.091796875 0.0917968749999998 0.0917968749999998
0.092578125 0.0925781249999998 0.0925781249999998
0.093359375 0.0933593749999999 0.0933593749999999
0.094140625 0.0941406249999997 0.0941406249999997
0.094921875 0.0949218749999998 0.0949218749999998
0.095703125 0.0957031249999998 0.0957031249999998
0.096484375 0.0964843749999997 0.0964843749999997
0.097265625 0.0972656249999998 0.0972656249999998
0.098046875 0.0980468749999998 0.0980468749999998
0.098828125 0.0988281249999998 0.0988281249999998
0.099609375 0.0996093749999998 0.0996093749999998
