0.003125 1.00000000000007 1
0.00625 0.999999999999979 1
0.009375 0.999999999999978 1
0.0125 0.999999999999979 1
0.015625 1.00000000000007 1
0.01875 0.999999999999978 1
0.021875 0.999999999999891 1
0.025 1.00000000000007 1
0.028125 0.99999999999998 1
0.03125 1.00000000000007 1
0.034375 0.999999999999978 1
0.0375 0.99999999999998 1
0.040625 0.999999999999978 1
0.04375 1.00000000000002 1
0.046875 1.00000000000002 1
0.05 1.00000000000002 1
0.053125 0.99999999999998 1
0.05625 0.999999999999978 1
0.059375 0.999999999999978 1
0.0625 1.00000000000003 1
0.065625 1.00000000000002 1
0.06875 0.999999999999982 1
0.071875 0.999999999999973 1
0.075 1.00000000000003 1
0.078125 1 1
0.08125 0.999999999999996 1
0.084375 1 1
0.0875 0.999999999999982 1
0.090625 1.00000000000003 1
0.09375 0.999999999999996 1
0.096875 0.999999999999996 1
