0 0.00375
0.0015625 0.003748779296875
0.003125 0.0037451171875
0.0046875 0.003739013671875
0.00625 0.00373046875
0.0078125 0.003719482421875
0.009375 0.0037060546875
0.0109375 0.003690185546875
0.0125 0.003671875
0.0140625 0.003651123046875
0.015625 0.0036279296875
0.0171875 0.003602294921875
0.01875 0.00357421875
0.0203125 0.003543701171875
0.021875 0.0035107421875
0.0234375 0.003475341796875
0.025 0.0034375
0.0265625 0.003397216796875
0.028125 0.0033544921875
0.0296875 0.003309326171875
0.03125 0.00326171875
0.0328125 0.003211669921875
0.034375 0.0031591796875
0.0359375 0.003104248046875
0.0375 0.003046875
0.0390625 0.002987060546875
0.040625 0.0029248046875
0.0421875 0.002860107421875
0.04375 0.00279296875
0.0453125 0.002723388671875
0.046875 0.0026513671875
0.0484375 0.002576904296875
0.05 0.0025
0.0515625 0.002421875
0.053125 0.00234375
0.0546875 0.002265625
0.05625 0.0021875
0.0578125 0.002109375
0.059375 0.00203125
0.0609375 0.001953125
0.0625 0.001875
0.0640625 0.001796875
0.065625 0.00171875
0.0671875 0.001640625
0.06875 0.0015625
0.0703125 0.001484375
0.071875 0.00140625
0.0734375 0.001328125
0.075 0.00125
0.0765625 0.001171875
0.078125 0.00109375
0.0796875 0.001015625
0.08125 0.000937500000000001
0.0828125 0.000859375000000001
0.084375 0.00078125
0.0859375 0.000703125
0.0875 0.000625
0.0890625 0.000546875
0.090625 0.00046875
0.0921875 0.000390625
0.09375 0.0003125
0.0953125 0.000234375
0.096875 0.00015625
0.0984375 7.8125e-05
0.1 0
