0 0.00375
0.003125 0.0037451171875
0.00625 0.00373046875
0.009375 0.0037060546875
0.0125 0.003671875
0.015625 0.0036279296875
0.01875 0.00357421875
0.021875 0.0035107421875
0.025 0.0034375
0.028125 0.0033544921875
0.03125 0.00326171875
0.034375 0.0031591796875
0.0375 0.003046875
0.040625 0.0029248046875
0.04375 0.00279296875
0.046875 0.0026513671875
0.05 0.0025
0.053125 0.00234375
0.05625 0.0021875
0.059375 0.00203125
0.0625 0.001875
0.065625 0.00171875
0.06875 0.0015625
0.071875 0.00140625
0.075 0.00125
0.078125 0.00109375
0.08125 0.0009375
0.084375 0.00078125
0.0875 0.000625
0.090625 0.00046875
0.09375 0.0003125
0.096875 0.00015625
0.1 0
