0.0015625 1.00000000000016 1
0.003125 0.999999999999979 1
0.0046875 0.999999999999801 1
0.00625 1.00000000000016 1
0.0078125 0.999999999999978 1
0.009375 1.00000000000016 1
0.0109375 0.999999999999802 1
0.0125 1.00000000000016 1
0.0140625 0.999999999999802 1
0.015625 1.00000000000016 1
0.0171875 0.999999999999978 1
0.01875 0.99999999999998 1
0.0203125 0.999999999999978 1
0.021875 1.00000000000016 1
0.0234375 0.999999999999802 1
0.025 0.999999999999978 1
0.0265625 1.00000000000016 1
0.028125 0.9999999999998 1
0.0296875 1.00000000000033 1
0.03125 0.999999999999982 1
0.0328125 0.999999999999796 1
0.034375 0.999999999999982 1
0.0359375 0.999999999999973 1
0.0375 0.999999999999982 1
0.0390625 1.00000000000016 1
0.040625 0.999999999999973 1
0.0421875 0.999999999999982 1
0.04375 0.999999999999973 1
0.0453125 0.999999999999982 1
0.046875 0.999999999999982 1
0.0484375 0.999999999999973 1
0.05 0.50000000000008 0
0.0515625 0 0
0.053125 0 0
0.0546875 0 0
0.05625 0 0
0.0578125 0 0
0.059375 0 0
0.0609375 0 0
0.0625 0 0
0.0640625 0 0
0.065625 0 0
0.0671875 0 0
0.06875 -8.88178419700121e-14 0
0.0703125 8.88178419700121e-14 0
0.071875 0 0
0.0734375 0 0
0.075 0 0
0.0765625 0 0
0.078125 0 0
0.0796875 0 0
0.08125 0 0
0.0828125 0 0
0.084375 0 0
0.0859375 0 0
0.0875 0 0
0.0890625 -2.22044604925032e-14 0
0.090625 2.2204460492503e-14 0
0.0921875 -2.22044604925032e-14 0
0.09375 8.8817841970012e-15 0
0.0953125 0 0
0.096875 0 0
0.0984375 0 0
