0 0.00375
0.00078125 0.00374969482421875
0.0015625 0.003748779296875
0.00234375 0.00374725341796875
0.003125 0.0037451171875
0.00390625 0.00374237060546875
0.0046875 0.003739013671875
0.00546875 0.00373504638671875
0.00625 0.00373046875
0.00703125 0.00372528076171875
0.0078125 0.003719482421875
0.00859375 0.00371307373046875
0.009375 0.0037060546875
0.01015625 0.00369842529296875
0.0109375 0.003690185546875
0.01171875 0.00368133544921875
0.0125 0.003671875
0.01328125 0.00366180419921875
0.0140625 0.003651123046875
0.01484375 0.00363983154296875
0.015625 0.0036279296875
0.01640625 0.00361541748046875
0.0171875 0.003602294921875
0.01796875 0.00358856201171875
0.01875 0.00357421875
0.01953125 0.00355926513671875
0.0203125 0.003543701171875
0.02109375 0.00352752685546875
0.021875 0.0035107421875
0.02265625 0.00349334716796875
0.0234375 0.003475341796875
0.02421875 0.00345672607421875
0.025 0.0034375
0.02578125 0.00341766357421875
0.0265625 0.003397216796875
0.02734375 0.00337615966796875
0.028125 0.0033544921875
0.02890625 0.00333221435546875
0.0296875 0.003309326171875
0.03046875 0.00328582763671875
0.03125 0.00326171875
0.03203125 0.00323699951171875
0.0328125 0.003211669921875
0.03359375 0.00318572998046875
0.034375 0.0031591796875
0.03515625 0.00313201904296875
0.0359375 0.003104248046875
0.03671875 0.00307586669921875
0.0375 0.003046875
0.03828125 0.00301727294921875
0.0390625 0.002987060546875
0.03984375 0.00295623779296875
0.040625 0.0029248046875
0.04140625 0.00289276123046875
0.0421875 0.002860107421875
0.04296875 0.00282684326171875
0.04375 0.00279296875
0.04453125 0.00275848388671875
0.0453125 0.002723388671875
0.04609375 0.00268768310546875
0.046875 0.0026513671875
0.04765625 0.00261444091796875
0.0484375 0.002576904296875
0.04921875 0.00253875732421875
0.05 0.0025
0.05078125 0.0024609375
0.0515625 0.002421875
0.05234375 0.0023828125
0.053125 0.00234375
0.05390625 0.0023046875
0.0546875 0.002265625
0.05546875 0.0022265625
0.05625 0.0021875
0.05703125 0.0021484375
0.0578125 0.002109375
0.05859375 0.0020703125
0.059375 0.00203125
0.06015625 0.0019921875
0.0609375 0.001953125
0.06171875 0.0019140625
0.0625 0.001875
0.06328125 0.0018359375
0.0640625 0.001796875
0.06484375 0.0017578125
0.065625 0.00171875
0.06640625 0.0016796875
0.0671875 0.001640625
0.06796875 0.0016015625
0.06875 0.0015625
0.06953125 0.0015234375
0.0703125 0.001484375
0.07109375 0.0014453125
0.071875 0.00140625
0.07265625 0.0013671875
0.0734375 0.001328125
0.07421875 0.0012890625
0.075 0.00125
0.07578125 0.0012109375
0.0765625 0.001171875
0.07734375 0.0011328125
0.078125 0.00109375
0.07890625 0.0010546875
0.0796875 0.001015625
0.08046875 0.0009765625
0.08125 0.0009375
0.08203125 0.0008984375
0.0828125 0.000859375
0.08359375 0.0008203125
0.084375 0.00078125
0.08515625 0.0007421875
0.0859375 0.000703125
0.08671875 0.0006640625
0.0875 0.000624999999999999
0.08828125 0.000585937499999999
0.0890625 0.000546874999999999
0.08984375 0.000507812499999999
0.090625 0.000468749999999999
0.09140625 0.0004296875
0.0921875 0.000390625
0.09296875 0.0003515625
0.09375 0.0003125
0.09453125 0.0002734375
0.0953125 0.000234375
0.09609375 0.0001953125
0.096875 0.00015625
0.09765625 0.0001171875
0.0984375 7.81249999999999e-05
0.09921875 3.90625e-05
0.1 0
