0.0001953125 0.99999999999909 1
0.000390625 0.999999999976353 1
0.0005859375 0.99999999999909 1
0.00078125 1.00000000002183 1
0.0009765625 0.999999999976353 1
0.001171875 1.00000000002183 1
0.0013671875 0.999999999976354 1
0.0015625 1.00000000002183 1
0.0017578125 0.999999999999092 1
0.001953125 0.99999999999909 1
0.0021484375 0.99999999999909 1
0.00234375 0.999999999999092 1
0.0025390625 0.99999999999909 1
0.002734375 0.99999999999909 1
0.0029296875 0.999999999999092 1
0.003125 0.99999999999909 1
0.0033203125 1.00000000002183 1
0.003515625 0.99999999999909 1
0.0037109375 0.999999999976352 1
0.00390625 0.999999999999094 1
0.0041015625 1.00000000002182 1
0.004296875 0.999999999999094 1
0.0044921875 0.999999999976348 1
0.0046875 1.00000000002183 1
0.0048828125 0.999999999999094 1
0.005078125 0.999999999999085 1
0.0052734375 0.999999999976357 1
0.00546875 1.00000000002182 1
0.0056640625 0.999999999999094 1
0.005859375 0.999999999999094 1
0.0060546875 0.999999999999085 1
0.00625 0.999999999999094 1
0.0064453125 0.999999999999085 1
0.006640625 0.999999999999094 1
0.0068359375 0.999999999999094 1
0.00703125 0.999999999999085 1
0.0072265625 0.999999999999094 1
0.007421875 0.999999999999085 1
0.0076171875 0.999999999999094 1
0.0078125 0.999999999999085 1
0.0080078125 0.999999999999094 1
0.008203125 1.00000000002183 1
0.0083984375 0.999999999999094 1
0.00859375 0.999999999976348 1
0.0087890625 0.999999999999085 1
0.008984375 1.00000000002183 1
0.0091796875 0.999999999999094 1
0.009375 0.999999999976348 1
0.0095703125 0.999999999999094 1
0.009765625 1.00000000002182 1
0.0099609375 0.999999999999094 1
0.01015625 0.999999999976357 1
0.0103515625 0.999999999999085 1
0.010546875 1.00000000002183 1
0.0107421875 0.999999999976348 1
0.0109375 1.00000000002183 1
0.0111328125 0.999999999999094 1
0.011328125 0.999999999999085 1
0.0115234375 0.999999999999094 1
0.01171875 0.999999999999085 1
0.0119140625 0.999999999999094 1
0.012109375 0.999999999999094 1
0.0123046875 0.999999999999085 1
0.0125 0.999999999999094 1
0.0126953125 0.999999999999085 1
0.012890625 0.999999999999094 1
0.0130859375 0.999999999999094 1
0.01328125 1.00000000002182 1
0.0134765625 0.999999999976357 1
0.013671875 0.999999999999085 1
0.0138671875 1.00000000002183 1
0.0140625 0.999999999999094 1
0.0142578125 0.999999999976348 1
0.014453125 0.999999999999094 1
0.0146484375 1.00000000002182 1
0.01484375 0.999999999999094 1
0.0150390625 0.999999999976357 1
0.015234375 0.999999999999085 1
0.0154296875 1.00000000002183 1
0.015625 0.999999999976348 1
0.0158203125 1.00000000002183 1
0.016015625 0.999999999999094 1
0.0162109375 0.999999999999076 1
0.01640625 0.999999999999112 1
0.0166015625 0.999999999999076 1
0.016796875 0.999999999999094 1
0.0169921875 0.999999999999094 1
0.0171875 0.999999999999076 1
0.0173828125 0.999999999999112 1
0.017578125 0.999999999999076 1
0.0177734375 0.999999999999094 1
0.01796875 0.999999999999094 1
0.0181640625 1.00000000002181 1
0.018359375 0.999999999976374 1
0.0185546875 0.999999999999076 1
0.01875 1.00000000002181 1
0.0189453125 0.999999999999112 1
0.019140625 0.999999999976339 1
0.0193359375 0.999999999999112 1
0.01953125 1.00000000002181 1
0.0197265625 0.999999999999076 1
0.019921875 0.999999999976374 1
0.0201171875 0.999999999999076 1
0.0203125 1.00000000002185 1
0.0205078125 0.999999999976339 1
0.020703125 1.00000000002181 1
0.0208984375 0.999999999999112 1
0.02109375 0.999999999999076 1
0.0212890625 0.999999999999112 1
0.021484375 0.999999999999076 1
0.0216796875 0.999999999999076 1
0.021875 0.999999999999112 1
0.0220703125 0.999999999999076 1
0.022265625 0.999999999999112 1
0.0224609375 0.999999999999076 1
0.02265625 0.999999999999076 1
0.0228515625 0.999999999999112 1
0.023046875 1.00000000002181 1
0.0232421875 0.999999999976374 1
0.0234375 0.999999999999076 1
0.0236328125 1.00000000002181 1
0.023828125 0.999999999999112 1
0.0240234375 0.999999999976339 1
0.02421875 0.999999999999112 1
0.0244140625 1.00000000002181 1
0.024609375 0.999999999999076 1
0.0248046875 0.999999999976374 1
0.025 0.999999999999076 1
0.0251953125 1.00000000002185 1
0.025390625 0.999999999976339 1
0.0255859375 1.00000000002181 1
0.02578125 0.999999999999112 1
0.0259765625 0.999999999999076 1
0.026171875 0.999999999999112 1
0.0263671875 0.999999999999076 1
0.0265625 0.999999999999076 1
0.0267578125 0.999999999999112 1
0.026953125 0.999999999999076 1
0.0271484375 0.999999999999112 1
0.02734375 0.999999999999076 1
0.0275390625 0.999999999999076 1
0.027734375 0.999999999999112 1
0.0279296875 1.00000000002181 1
0.028125 0.999999999976374 1
0.0283203125 0.999999999999076 1
0.028515625 1.00000000002181 1
0.0287109375 0.999999999999112 1
0.02890625 0.999999999976339 1
0.0291015625 0.999999999999112 1
0.029296875 1.00000000002181 1
0.0294921875 0.999999999999076 1
0.0296875 0.999999999976374 1
0.0298828125 0.999999999999076 1
0.030078125 1.00000000002185 1
0.0302734375 0.999999999976339 1
0.03046875 1.00000000002181 1
0.0306640625 0.999999999999112 1
0.030859375 0.999999999999076 1
0.0310546875 0.999999999999112 1
0.03125 0.999999999999076 1
0.0314453125 0.999999999999112 1
0.031640625 0.999999999999076 1
0.0318359375 0.999999999999076 1
0.03203125 0.999999999999076 1
0.0322265625 0.999999999999112 1
0.032421875 0.999999999999112 1
0.0326171875 0.999999999999076 1
0.0328125 1.00000000002181 1
0.0330078125 0.999999999976339 1
0.033203125 0.999999999999112 1
0.0333984375 1.00000000002185 1
0.03359375 0.999999999999076 1
0.0337890625 0.999999999976339 1
0.033984375 0.999999999999076 1
0.0341796875 1.00000000002185 1
0.034375 0.999999999999112 1
0.0345703125 0.999999999976339 1
0.034765625 0.999999999999076 1
0.0349609375 1.00000000002181 1
0.03515625 0.999999999976374 1
0.0353515625 1.00000000002185 1
0.035546875 0.999999999976339 1
0.0357421875 1.00000000002181 1
0.0359375 0.999999999999076 1
0.0361328125 0.999999999999112 1
0.036328125 0.999999999999112 1
0.0365234375 0.999999999999076 1
0.03671875 0.999999999999076 1
0.0369140625 0.999999999999076 1
0.037109375 0.999999999999112 1
0.0373046875 0.999999999999076 1
0.0375 1.00000000002185 1
0.0376953125 0.999999999999076 1
0.037890625 0.999999999976339 1
0.0380859375 0.999999999999112 1
0.03828125 1.00000000002181 1
0.0384765625 0.999999999999112 1
0.038671875 0.999999999976339 1
0.0388671875 1.00000000002181 1
0.0390625 0.999999999999112 1
0.0392578125 0.999999999999076 1
0.039453125 0.999999999976374 1
0.0396484375 1.00000000002181 1
0.03984375 0.999999999999076 1
0.0400390625 0.999999999999112 1
0.040234375 0.999999999999076 1
0.0404296875 0.999999999999112 1
0.040625 0.999999999999076 1
0.0408203125 0.999999999999076 1
0.041015625 0.999999999999112 1
0.0412109375 0.999999999999076 1
0.04140625 0.999999999999112 1
0.0416015625 0.999999999999076 1
0.041796875 0.999999999999076 1
0.0419921875 0.999999999999112 1
0.0421875 0.999999999999076 1
0.0423828125 1.00000000002185 1
0.042578125 0.999999999999076 1
0.0427734375 0.999999999976339 1
0.04296875 0.999999999999112 1
0.0431640625 1.00000000002181 1
0.043359375 0.999999999999112 1
0.0435546875 0.999999999976339 1
0.04375 1.00000000002181 1
0.0439453125 0.999999999999112 1
0.044140625 0.999999999999076 1
0.0443359375 0.999999999976374 1
0.04453125 1.00000000002181 1
0.0447265625 0.999999999999076 1
0.044921875 0.999999999999112 1
0.0451171875 0.999999999999076 1
0.0453125 0.999999999999112 1
0.0455078125 0.999999999999076 1
0.045703125 0.999999999999076 1
0.0458984375 0.999999999999112 1
0.04609375 0.999999999999076 1
0.0462890625 0.999999999999112 1
0.046484375 0.999999999999076 1
0.0466796875 1.00000000001044 1
0.046875 0.999999999987743 1
0.0470703125 0.999999999999076 1
0.047265625 0.999999999999112 1
0.0474609375 1.00000000001044 1
0.04765625 0.999999999987708 1
0.0478515625 1.00000000001048 1
0.048046875 0.999999999999076 1
0.0482421875 0.999999999987743 1
0.0484375 1.00000000002181 1
0.0486328125 0.999999999987708 1
0.048828125 0.999999999999112 1
0.0490234375 0.999999999987708 1
0.04921875 1.00000000002185 1
0.0494140625 0.999999999987708 1
0.049609375 1.00000000001044 1
0.0498046875 0.999999999987743 1
0.05 0.999999999999076 1
0.0501953125 1.00000000001048 1
0.050390625 0.999999999999076 1
0.0505859375 0.999999999987708 1
0.05078125 1.00000000001048 1
0.0509765625 0.999999999999076 1
0.051171875 0.999999999999112 1
0.0513671875 0.999999999999076 1
0.0515625 1.00000000001044 1
0.0517578125 0.999999999987743 1
0.051953125 0.999999999999076 1
0.0521484375 0.999999999999112 1
0.05234375 1.00000000001044 1
0.0525390625 0.999999999987708 1
0.052734375 1.00000000001048 1
0.0529296875 0.999999999999076 1
0.053125 0.999999999987743 1
0.0533203125 1.00000000002181 1
0.053515625 0.999999999976339 1
0.0537109375 0.999999999999112 1
0.05390625 1.00000000002181 1
0.0541015625 0.999999999999112 1
0.054296875 0.999999999987708 1
0.0544921875 1.00000000001044 1
0.0546875 0.999999999987743 1
0.0548828125 0.999999999999076 1
0.055078125 1.00000000001048 1
0.0552734375 0.999999999999076 1
0.05546875 0.999999999987708 1
0.0556640625 1.00000000001048 1
0.055859375 0.999999999999076 1
0.0560546875 0.999999999999112 1
0.05625 0.999999999999076 1
0.0564453125 1.00000000001044 1
0.056640625 0.999999999987743 1
0.0568359375 0.999999999999076 1
0.05703125 0.999999999999112 1
0.0572265625 1.00000000001044 1
0.057421875 0.999999999987708 1
0.0576171875 1.00000000001048 1
0.0578125 0.999999999999076 1
0.0580078125 0.999999999987743 1
0.058203125 1.00000000002181 1
0.0583984375 0.999999999987708 1
0.05859375 1.00000000001048 1
0.0587890625 0.999999999987708 1
0.058984375 0.999999999999112 1
0.0591796875 1.00000000001044 1
0.059375 0.999999999999076 1
0.0595703125 0.999999999987743 1
0.059765625 1.00000000001044 1
0.0599609375 0.999999999999112 1
0.06015625 0.999999999999076 1
0.0603515625 0.999999999999076 1
0.060546875 1.00000000001048 1
0.0607421875 0.999999999999076 1
0.0609375 0.999999999987743 1
0.0611328125 0.999999999999076 1
0.061328125 0.999999999999076 1
0.0615234375 0.999999999999112 1
0.06171875 1.00000000001044 1
0.0619140625 0.999999999999112 1
0.062109375 0.999999999987708 1
0.0623046875 1.00000000001044 1
0.0625 0.999999999999147 1
0.0626953125 0.999999999999005 1
0.062890625 0.999999999999147 1
0.0630859375 0.999999999999076 1
0.06328125 0.999999999999076 1
0.0634765625 1.00000000001052 1
0.063671875 0.999999999999005 1
0.0638671875 0.999999999987779 1
0.0640625 1.00000000001044 1
0.0642578125 0.999999999987708 1
0.064453125 1.00000000001052 1
0.0646484375 0.999999999999005 1
0.06484375 0.999999999999147 1
0.0650390625 0.999999999999076 1
0.065234375 0.999999999999076 1
0.0654296875 0.999999999999147 1
0.065625 0.999999999999005 1
0.0658203125 0.999999999999147 1
0.066015625 0.999999999999076 1
0.0662109375 1.00000000001044 1
0.06640625 0.999999999999147 1
0.0666015625 0.999999999999005 1
0.066796875 0.999999999999147 1
0.0669921875 0.999999999987708 1
0.0671875 1.00000000001044 1
0.0673828125 0.999999999999147 1
0.067578125 0.999999999999005 1
0.0677734375 0.999999999999147 1
0.06796875 0.999999999999076 1
0.0681640625 0.999999999999076 1
0.068359375 1.00000000001052 1
0.0685546875 0.999999999987637 1
0.06875 1.00000000001052 1
0.0689453125 0.999999999999076 1
0.069140625 0.999999999987708 1
0.0693359375 1.00000000001052 1
0.06953125 0.999999999999005 1
0.0697265625 0.999999999999147 1
0.069921875 0.999999999999076 1
0.0701171875 0.999999999999076 1
0.0703125 0.999999999999147 1
0.0705078125 0.999999999999005 1
0.070703125 0.999999999999147 1
0.0708984375 0.999999999999076 1
0.07109375 1.00000000001044 1
0.0712890625 0.999999999999147 1
0.071484375 0.999999999999005 1
0.0716796875 0.999999999999147 1
0.071875 0.999999999987708 1
0.0720703125 1.00000000001044 1
0.072265625 0.999999999999147 1
0.0724609375 0.999999999999005 1
0.07265625 0.999999999999147 1
0.0728515625 0.999999999999076 1
0.073046875 0.999999999999076 1
0.0732421875 1.00000000001052 1
0.0734375 0.999999999987637 1
0.0736328125 1.00000000001052 1
0.073828125 0.999999999999076 1
0.0740234375 0.999999999987708 1
0.07421875 1.00000000001052 1
0.0744140625 0.999999999999005 1
0.074609375 0.999999999999147 1
0.0748046875 0.999999999999005 1
0.075 0.999999999999147 1
0.0751953125 0.999999999999147 1
0.075390625 0.999999999999005 1
0.0755859375 0.999999999999147 1
0.07578125 0.999999999999005 1
0.0759765625 1.00000000001052 1
0.076171875 0.999999999999147 1
0.0763671875 0.999999999999005 1
0.0765625 0.999999999999147 1
0.0767578125 0.999999999999005 1
0.076953125 0.999999999999147 1
0.0771484375 0.999999999999147 1
0.07734375 0.999999999999005 1
0.0775390625 0.999999999999147 1
0.077734375 0.999999999999005 1
0.0779296875 0.999999999993463 1
0.078125 1.00000000000483 1
0.0783203125 1.00000000000469 1
0.078515625 0.999999999999147 1
0.0787109375 0.999999999999005 1
0.07890625 1.00000000000483 1
0.0791015625 0.999999999993463 1
0.079296875 0.999999999999005 1
0.0794921875 1.00000000000483 1
0.0796875 0.999999999999005 1
0.0798828125 1.00000000000483 1
0.080078125 0.999999999993463 1
0.0802734375 1.00000000000469 1
0.08046875 0.999999999993463 1
0.0806640625 1.00000000000469 1
0.080859375 0.999999999993463 1
0.0810546875 1.00000000000483 1
0.08125 0.999999999999005 1
0.0814453125 0.999999999999147 1
0.081640625 1.00000000000469 1
0.0818359375 0.999999999999147 1
0.08203125 0.999999999999147 1
0.0822265625 0.999999999999005 1
0.082421875 0.999999999999147 1
0.0826171875 0.999999999999005 1
0.0828125 0.999999999999147 1
0.0830078125 1.00000000000483 1
0.083203125 0.999999999999005 1
0.0833984375 0.999999999999147 1
0.08359375 0.999999999999005 1
0.0837890625 1.00000000000483 1
0.083984375 0.999999999999147 1
0.0841796875 0.999999999999005 1
0.084375 0.999999999999147 1
0.0845703125 0.999999999999005 1
0.084765625 0.999999999999147 1
0.0849609375 0.999999999999147 1
0.08515625 0.999999999999005 1
0.0853515625 0.999999999999147 1
0.085546875 0.999999999999005 1
0.0857421875 1.00000000000483 1
0.0859375 0.999999999999147 1
0.0861328125 0.999999999999005 1
0.086328125 0.999999999999147 1
0.0865234375 1.00000000000469 1
0.08671875 0.999999999999147 1
0.0869140625 0.999999999999147 1
0.087109375 0.999999999999005 1
0.0873046875 1.00000000000483 1
0.0875 0.999999999993321 1
0.0876953125 1.00000000000483 1
0.087890625 0.999999999993463 1
0.0880859375 1.00000000000469 1
0.08828125 0.999999999999147 1
0.0884765625 1.00000000000469 1
0.088671875 0.999999999999147 1
0.0888671875 0.999999999999147 1
0.0890625 0.999999999999005 1
0.0892578125 0.999999999999147 1
0.089453125 0.999999999999005 1
0.0896484375 1.00000000000199 1
0.08984375 0.999999999999147 1
0.0900390625 1.00000000000185 1
0.090234375 0.999999999999147 1
0.0904296875 0.999999999996163 1
0.090625 1.00000000000483 1
0.0908203125 0.999999999996305 1
0.091015625 1.00000000000185 1
0.0912109375 0.999999999999147 1
0.09140625 1.00000000000185 1
0.0916015625 0.999999999999147 1
0.091796875 0.999999999999147 1
0.0919921875 1.00000000000185 1
0.0921875 0.999999999999147 1
0.0923828125 0.999999999999005 1
0.092578125 0.999999999999147 1
0.0927734375 1.00000000000199 1
0.09296875 0.999999999999005 1
0.0931640625 1.00000000000199 1
0.093359375 0.999999999996163 1
0.0935546875 1.00000000000199 1
0.09375 1.00000000000199 1
0.0939453125 0.999999999999005 1
0.094140625 0.999999999999147 1
0.0943359375 0.999999999999005 1
0.09453125 1.00000000000199 1
0.0947265625 0.999999999999147 1
0.094921875 1.00000000000043 1
0.0951171875 0.999999999999147 1
0.0953125 1.00000000000043 1
0.0955078125 0.999999999999147 1
0.095703125 1.00000000000057 1
0.0958984375 0.999999999999005 1
0.09609375 1.00000000000057 1
0.0962890625 1.00000000000043 1
0.096484375 0.999999999999147 1
0.0966796875 1.00000000000057 1
0.096875 1.00000000000043 1
0.0970703125 0.999999999999147 1
0.097265625 1.00000000000043 1
0.0974609375 1.00000000000057 1
0.09765625 1.00000000000057 1
0.0978515625 0.999999999999005 1
0.098046875 0.999999999999858 1
0.0982421875 1.00000000000043 1
0.0984375 0.999999999999858 1
0.0986328125 1.00000000000057 1
0.098828125 0.999999999999716 1
0.0990234375 0.999999999999858 1
0.09921875 0.999999999999716 1
0.0994140625 1.00000000000036 1
0.099609375 1.00000000000007 1
0.0998046875 0.999999999999858 1
