0.00078125 0.000781249999999845 0.000781249999999845
0.00234375 0.00234375000000009 0.00234375000000009
0.00390625 0.00390625000000006 0.00390625000000006
0.00546875 0.00546874999999974 0.00546874999999974
0.00703125 0.00703124999999999 0.00703124999999999
0.00859375 0.00859374999999996 0.00859374999999996
0.01015625 0.0101562500000002 0.0101562500000002
0.01171875 0.0117187499999999 0.0117187499999999
0.01328125 0.0132812500000001 0.0132812500000001
0.01484375 0.0148437499999998 0.0148437499999998
0.01640625 0.0164062500000001 0.0164062500000001
0.01796875 0.01796875 0.01796875
0.01953125 0.01953125 0.01953125
0.02109375 0.02109375 0.02109375
0.02265625 0.0226562500000002 0.0226562500000002
0.02421875 0.0242187499999999 0.0242187499999999
0.02578125 0.0257812499999999 0.0257812499999999
0.02734375 0.0273437500000001 0.0273437500000001
0.02890625 0.0289062499999998 0.0289062499999998
0.03046875 0.0304687500000003 0.0304687500000003
0.03203125 0.0320312500000003 0.0320312500000003
0.03359375 0.03359375 0.03359375
0.03515625 0.0351562499999999 0.0351562499999999
0.03671875 0.0367187499999999 0.0367187499999999
0.03828125 0.0382812499999999 0.0382812499999999
0.03984375 0.0398437500000001 0.0398437500000001
0.04140625 0.0414062500000001 0.0414062500000001
0.04296875 0.0429687500000001 0.0429687500000001
0.04453125 0.04453125 0.04453125
0.04609375 0.04609375 0.04609375
0.04765625 0.04765625 0.04765625
0.04921875 0.0492187499999999 0.0492187499999999
0.05078125 0.05 0.05
0.05234375 0.05 0.05
0.05390625 0.05 0.05
0.05546875 0.05 0.05
0.05703125 0.05 0.05
0.05859375 0.05 0.05
0.06015625 0.05 0.05
0.06171875 0.05 0.05
0.06328125 0.05 0.05
0.06484375 0.05 0.05
0.06640625 0.05 0.05
0.06796875 0.05 0.05
0.06953125 0.0499999999999999 0.0499999999999999
0.07109375 0.05 0.05
0.07265625 0.05 0.05
0.07421875 0.05 0.05
0.07578125 0.05 0.05
0.07734375 0.05 0.05
0.07890625 0.05 0.05
0.08046875 0.05 0.05
0.08203125 0.05 0.05
0.08359375 0.05 0.05
0.08515625 0.05 0.05
0.08671875 0.05 0.05
0.08828125 0.05 0.05
0.08984375 0.05 0.05
0.09140625 0.05 0.05
0.09296875 0.05 0.05
0.09453125 0.05 0.05
0.09609375 0.05 0.05
0.09765625 0.05 0.05
0.09921875 0.05 0.05
